{"meta": {"format": 3, "version": "7.10.6", "timestamp": "2025-10-30T13:28:46.888290", "branch_coverage": false, "show_contexts": false}, "files": {"src\\adapters\\__init__.py": {"executed_lines": [1, 7, 9], "summary": {"covered_lines": 2, "num_statements": 2, "percent_covered": 100.0, "percent_covered_display": "100", "missing_lines": 0, "excluded_lines": 0}, "missing_lines": [], "excluded_lines": [], "functions": {"": {"executed_lines": [1, 7, 9], "summary": {"covered_lines": 2, "num_statements": 2, "percent_covered": 100.0, "percent_covered_display": "100", "missing_lines": 0, "excluded_lines": 0}, "missing_lines": [], "excluded_lines": []}}, "classes": {"": {"executed_lines": [1, 7, 9], "summary": {"covered_lines": 2, "num_statements": 2, "percent_covered": 100.0, "percent_covered_display": "100", "missing_lines": 0, "excluded_lines": 0}, "missing_lines": [], "excluded_lines": []}}}, "src\\adapters\\ai_processor_adapter.py": {"executed_lines": [1, 11, 12, 13, 14, 15, 18, 20, 22, 25, 26, 37, 44, 48, 50, 52, 67, 69, 75, 76, 77, 78, 87, 88, 89, 91, 99, 100, 102, 111, 127, 129, 130, 136, 137, 147, 148, 167, 168, 169, 179, 188, 189, 195, 209, 211, 212, 213, 218, 237, 238, 239, 249, 258, 259, 264, 266, 268, 271, 272, 274, 275, 277, 296, 297, 298, 305, 316, 319, 322, 326], "summary": {"covered_lines": 69, "num_statements": 81, "percent_covered": 85.18518518518519, "percent_covered_display": "85", "missing_lines": 12, "excluded_lines": 0}, "missing_lines": [45, 46, 158, 196, 197, 198, 200, 227, 282, 283, 289, 323], "excluded_lines": [], "functions": {"AIProcessorAdapter.__init__": {"executed_lines": [44, 48, 50], "summary": {"covered_lines": 3, "num_statements": 5, "percent_covered": 60.0, "percent_covered_display": "60", "missing_lines": 2, "excluded_lines": 0}, "missing_lines": [45, 46], "excluded_lines": []}, "AIProcessorAdapter.classify_email": {"executed_lines": [67, 69, 75, 76, 77, 78, 87, 88, 89, 91, 99, 100, 102], "summary": {"covered_lines": 13, "num_statements": 13, "percent_covered": 100.0, "percent_covered_display": "100", "missing_lines": 0, "excluded_lines": 0}, "missing_lines": [], "excluded_lines": []}, "AIProcessorAdapter.analyze_batch": {"executed_lines": [127, 129, 130, 136, 137, 147, 148, 167, 168, 169], "summary": {"covered_lines": 10, "num_statements": 11, "percent_covered": 90.9090909090909, "percent_covered_display": "91", "missing_lines": 1, "excluded_lines": 0}, "missing_lines": [158], "excluded_lines": []}, "AIProcessorAdapter.extract_action_items": {"executed_lines": [188, 189, 195, 209, 211, 212, 213, 218, 237, 238, 239], "summary": {"covered_lines": 11, "num_statements": 16, "percent_covered": 68.75, "percent_covered_display": "69", "missing_lines": 5, "excluded_lines": 0}, "missing_lines": [196, 197, 198, 200, 227], "excluded_lines": []}, "AIProcessorAdapter.generate_summary": {"executed_lines": [258, 259, 264, 266, 268, 271, 272, 274, 275, 277, 296, 297, 298], "summary": {"covered_lines": 13, "num_statements": 16, "percent_covered": 81.25, "percent_covered_display": "81", "missing_lines": 3, "excluded_lines": 0}, "missing_lines": [282, 283, 289], "excluded_lines": []}, "AIProcessorAdapter._requires_review": {"executed_lines": [316, 319, 322, 326], "summary": {"covered_lines": 4, "num_statements": 5, "percent_covered": 80.0, "percent_covered_display": "80", "missing_lines": 1, "excluded_lines": 0}, "missing_lines": [323], "excluded_lines": []}, "": {"executed_lines": [1, 11, 12, 13, 14, 15, 18, 20, 22, 25, 26, 37, 52, 111, 179, 249, 305], "summary": {"covered_lines": 15, "num_statements": 15, "percent_covered": 100.0, "percent_covered_display": "100", "missing_lines": 0, "excluded_lines": 0}, "missing_lines": [], "excluded_lines": []}}, "classes": {"AIProcessorAdapter": {"executed_lines": [44, 48, 50, 67, 69, 75, 76, 77, 78, 87, 88, 89, 91, 99, 100, 102, 127, 129, 130, 136, 137, 147, 148, 167, 168, 169, 188, 189, 195, 209, 211, 212, 213, 218, 237, 238, 239, 258, 259, 264, 266, 268, 271, 272, 274, 275, 277, 296, 297, 298, 316, 319, 322, 326], "summary": {"covered_lines": 54, "num_statements": 66, "percent_covered": 81.81818181818181, "percent_covered_display": "82", "missing_lines": 12, "excluded_lines": 0}, "missing_lines": [45, 46, 158, 196, 197, 198, 200, 227, 282, 283, 289, 323], "excluded_lines": []}, "": {"executed_lines": [1, 11, 12, 13, 14, 15, 18, 20, 22, 25, 26, 37, 52, 111, 179, 249, 305], "summary": {"covered_lines": 15, "num_statements": 15, "percent_covered": 100.0, "percent_covered_display": "100", "missing_lines": 0, "excluded_lines": 0}, "missing_lines": [], "excluded_lines": []}}}, "src\\adapters\\outlook_email_adapter.py": {"executed_lines": [1, 15, 16, 17, 18, 21, 22, 26, 27, 30, 31, 42, 49, 50, 51, 53, 59, 60, 61, 62, 63, 64, 65, 66, 67, 69, 88, 89, 91, 95, 96, 102, 103, 121, 122, 123, 125, 138, 141, 143, 146, 148, 149, 150, 152, 164, 167, 169, 172, 173, 176, 182, 191, 194, 195, 198, 199, 200, 207, 217, 218, 219, 221, 233, 236, 237, 238, 239, 240, 245, 258, 261, 262, 263, 268, 289, 390], "summary": {"covered_lines": 75, "num_statements": 167, "percent_covered": 44.91017964071856, "percent_covered_display": "45", "missing_lines": 92, "excluded_lines": 0}, "missing_lines": [23, 105, 106, 109, 110, 112, 113, 114, 115, 116, 117, 119, 139, 165, 174, 178, 179, 180, 192, 208, 209, 215, 234, 241, 242, 243, 259, 264, 265, 266, 277, 278, 280, 281, 282, 283, 284, 285, 286, 287, 298, 300, 301, 303, 306, 308, 309, 312, 313, 314, 315, 318, 319, 323, 324, 325, 327, 328, 330, 332, 347, 349, 351, 352, 353, 355, 357, 358, 359, 360, 361, 363, 364, 365, 366, 367, 368, 370, 372, 374, 375, 376, 399, 400, 402, 403, 406, 407, 408, 409, 410, 411], "excluded_lines": [], "functions": {"OutlookEmailAdapter.__init__": {"executed_lines": [49, 50, 51], "summary": {"covered_lines": 3, "num_statements": 3, "percent_covered": 100.0, "percent_covered_display": "100", "missing_lines": 0, "excluded_lines": 0}, "missing_lines": [], "excluded_lines": []}, "OutlookEmailAdapter.connect": {"executed_lines": [59, 60, 61, 62, 63, 64, 65, 66, 67], "summary": {"covered_lines": 9, "num_statements": 9, "percent_covered": 100.0, "percent_covered_display": "100", "missing_lines": 0, "excluded_lines": 0}, "missing_lines": [], "excluded_lines": []}, "OutlookEmailAdapter.get_emails": {"executed_lines": [88, 89, 91, 95, 96, 102, 103, 121, 122, 123], "summary": {"covered_lines": 10, "num_statements": 21, "percent_covered": 47.61904761904762, "percent_covered_display": "48", "missing_lines": 11, "excluded_lines": 0}, "missing_lines": [105, 106, 109, 110, 112, 113, 114, 115, 116, 117, 119], "excluded_lines": []}, "OutlookEmailAdapter.move_email": {"executed_lines": [138, 141, 143, 146, 148, 149, 150], "summary": {"covered_lines": 7, "num_statements": 8, "percent_covered": 87.5, "percent_covered_display": "88", "missing_lines": 1, "excluded_lines": 0}, "missing_lines": [139], "excluded_lines": []}, "OutlookEmailAdapter.get_email_body": {"executed_lines": [164, 167, 169, 172, 173, 176], "summary": {"covered_lines": 6, "num_statements": 11, "percent_covered": 54.54545454545455, "percent_covered_display": "55", "missing_lines": 5, "excluded_lines": 0}, "missing_lines": [165, 174, 178, 179, 180], "excluded_lines": []}, "OutlookEmailAdapter.get_folders": {"executed_lines": [191, 194, 195, 198, 199, 200, 207, 217, 218, 219], "summary": {"covered_lines": 10, "num_statements": 14, "percent_covered": 71.42857142857143, "percent_covered_display": "71", "missing_lines": 4, "excluded_lines": 0}, "missing_lines": [192, 208, 209, 215], "excluded_lines": []}, "OutlookEmailAdapter.mark_as_read": {"executed_lines": [233, 236, 237, 238, 239, 240], "summary": {"covered_lines": 6, "num_statements": 10, "percent_covered": 60.0, "percent_covered_display": "60", "missing_lines": 4, "excluded_lines": 0}, "missing_lines": [234, 241, 242, 243], "excluded_lines": []}, "OutlookEmailAdapter.categorize_email": {"executed_lines": [258, 261, 262, 263], "summary": {"covered_lines": 4, "num_statements": 8, "percent_covered": 50.0, "percent_covered_display": "50", "missing_lines": 4, "excluded_lines": 0}, "missing_lines": [259, 264, 265, 266], "excluded_lines": []}, "OutlookEmailAdapter.get_email_by_id": {"executed_lines": [], "summary": {"covered_lines": 0, "num_statements": 10, "percent_covered": 0.0, "percent_covered_display": "0", "missing_lines": 10, "excluded_lines": 0}, "missing_lines": [277, 278, 280, 281, 282, 283, 284, 285, 286, 287], "excluded_lines": []}, "OutlookEmailAdapter._email_to_dict": {"executed_lines": [], "summary": {"covered_lines": 0, "num_statements": 42, "percent_covered": 0.0, "percent_covered_display": "0", "missing_lines": 42, "excluded_lines": 0}, "missing_lines": [298, 300, 301, 303, 306, 308, 309, 312, 313, 314, 315, 318, 319, 323, 324, 325, 327, 328, 330, 332, 347, 349, 351, 352, 353, 355, 357, 358, 359, 360, 361, 363, 364, 365, 366, 367, 368, 370, 372, 374, 375, 376], "excluded_lines": []}, "OutlookEmailAdapter._format_datetime": {"executed_lines": [], "summary": {"covered_lines": 0, "num_statements": 10, "percent_covered": 0.0, "percent_covered_display": "0", "missing_lines": 10, "excluded_lines": 0}, "missing_lines": [399, 400, 402, 403, 406, 407, 408, 409, 410, 411], "excluded_lines": []}, "": {"executed_lines": [1, 15, 16, 17, 18, 21, 22, 26, 27, 30, 31, 42, 53, 69, 125, 152, 182, 221, 245, 268, 289, 390], "summary": {"covered_lines": 20, "num_statements": 21, "percent_covered": 95.23809523809524, "percent_covered_display": "95", "missing_lines": 1, "excluded_lines": 0}, "missing_lines": [23], "excluded_lines": []}}, "classes": {"OutlookEmailAdapter": {"executed_lines": [49, 50, 51, 59, 60, 61, 62, 63, 64, 65, 66, 67, 88, 89, 91, 95, 96, 102, 103, 121, 122, 123, 138, 141, 143, 146, 148, 149, 150, 164, 167, 169, 172, 173, 176, 191, 194, 195, 198, 199, 200, 207, 217, 218, 219, 233, 236, 237, 238, 239, 240, 258, 261, 262, 263], "summary": {"covered_lines": 55, "num_statements": 146, "percent_covered": 37.67123287671233, "percent_covered_display": "38", "missing_lines": 91, "excluded_lines": 0}, "missing_lines": [105, 106, 109, 110, 112, 113, 114, 115, 116, 117, 119, 139, 165, 174, 178, 179, 180, 192, 208, 209, 215, 234, 241, 242, 243, 259, 264, 265, 266, 277, 278, 280, 281, 282, 283, 284, 285, 286, 287, 298, 300, 301, 303, 306, 308, 309, 312, 313, 314, 315, 318, 319, 323, 324, 325, 327, 328, 330, 332, 347, 349, 351, 352, 353, 355, 357, 358, 359, 360, 361, 363, 364, 365, 366, 367, 368, 370, 372, 374, 375, 376, 399, 400, 402, 403, 406, 407, 408, 409, 410, 411], "excluded_lines": []}, "": {"executed_lines": [1, 15, 16, 17, 18, 21, 22, 26, 27, 30, 31, 42, 53, 69, 125, 152, 182, 221, 245, 268, 289, 390], "summary": {"covered_lines": 20, "num_statements": 21, "percent_covered": 95.23809523809524, "percent_covered_display": "95", "missing_lines": 1, "excluded_lines": 0}, "missing_lines": [23], "excluded_lines": []}}}, "src\\ai_processor.py": {"executed_lines": [1, 18, 19, 20, 23, 24, 25, 26, 29, 32, 33, 34, 35, 36, 37, 38, 40, 42, 43, 45, 46, 47, 48, 50, 51, 52, 53, 54, 56, 58, 62, 63, 94, 96, 97, 98, 99, 100, 101, 106, 109, 110, 111, 113, 116, 118, 119, 122, 126, 127, 131, 132, 133, 134, 137, 138, 139, 140, 141, 143, 158, 159, 160, 161, 164, 170, 182, 202, 203, 205, 206, 207, 208, 212, 295, 308, 311, 313, 316, 321, 323, 324, 325, 326, 328, 329, 332, 337, 344, 345, 346, 347, 348, 349, 351, 372, 374, 377, 379, 380, 381, 382, 383, 384, 385, 393, 394, 395, 398, 399, 400, 401, 404, 405, 406, 407, 410, 411, 413, 414, 424, 426, 427, 429, 432, 441, 445, 449, 453, 456, 457, 458, 461, 463, 464, 465, 466, 467, 470, 471, 472, 476, 481, 482, 483, 486, 490, 493, 494, 503, 505, 537, 539, 540, 543, 554, 555, 557, 559, 560, 563, 566, 569, 574, 575, 577, 579, 581, 592, 593, 598, 600, 625, 626, 627, 628, 632, 663, 704, 742, 770, 772, 774, 784, 809, 831, 832, 833, 835, 836, 837, 840, 841, 842, 844, 845, 848, 889, 981, 985, 990, 993, 998, 1000, 1002], "summary": {"covered_lines": 200, "num_statements": 495, "percent_covered": 40.4040404040404, "percent_covered_display": "40", "missing_lines": 295, "excluded_lines": 0}, "missing_lines": [39, 41, 55, 57, 59, 162, 209, 210, 225, 226, 228, 231, 232, 233, 234, 235, 238, 239, 242, 245, 246, 249, 256, 257, 258, 259, 262, 265, 266, 267, 268, 271, 272, 273, 274, 277, 278, 279, 280, 284, 286, 292, 293, 309, 338, 339, 340, 341, 342, 353, 354, 355, 356, 357, 358, 359, 360, 361, 362, 363, 364, 365, 366, 367, 368, 370, 375, 376, 378, 386, 387, 388, 389, 391, 396, 402, 408, 434, 435, 438, 443, 446, 454, 473, 477, 478, 484, 487, 495, 501, 507, 508, 511, 513, 516, 517, 520, 521, 522, 524, 526, 528, 570, 571, 572, 583, 584, 585, 586, 601, 602, 605, 606, 607, 610, 611, 614, 615, 616, 618, 620, 634, 635, 638, 639, 642, 644, 645, 648, 649, 651, 652, 653, 654, 655, 658, 659, 660, 661, 665, 668, 669, 670, 671, 672, 673, 676, 677, 679, 681, 682, 685, 686, 688, 689, 690, 691, 693, 694, 696, 699, 700, 701, 702, 707, 710, 719, 721, 722, 725, 733, 735, 736, 738, 744, 746, 748, 749, 750, 751, 752, 754, 756, 762, 764, 775, 776, 777, 779, 780, 781, 782, 785, 786, 788, 790, 799, 807, 810, 817, 819, 820, 823, 824, 826, 827, 828, 829, 838, 846, 850, 851, 853, 855, 856, 857, 866, 869, 873, 874, 876, 878, 879, 880, 882, 884, 885, 887, 891, 892, 893, 894, 897, 898, 899, 900, 901, 902, 903, 906, 907, 908, 909, 910, 912, 914, 917, 918, 919, 920, 923, 924, 925, 926, 927, 928, 929, 930, 931, 932, 933, 934, 937, 938, 940, 941, 942, 949, 952, 953, 955, 956, 957, 960, 961, 962, 963, 964, 965, 968, 969, 970, 972, 973, 975, 977, 978, 979, 983, 987, 988, 991, 995, 996, 1004], "excluded_lines": [], "functions": {"DataRecorder.__init__": {"executed_lines": [35], "summary": {"covered_lines": 1, "num_statements": 1, "percent_covered": 100.0, "percent_covered_display": "100", "missing_lines": 0, "excluded_lines": 0}, "missing_lines": [], "excluded_lines": []}, "DataRecorder.record_learning_feedback": {"executed_lines": [37], "summary": {"covered_lines": 1, "num_statements": 1, "percent_covered": 100.0, "percent_covered_display": "100", "missing_lines": 0, "excluded_lines": 0}, "missing_lines": [], "excluded_lines": []}, "DataRecorder.record_batch_processing": {"executed_lines": [], "summary": {"covered_lines": 0, "num_statements": 1, "percent_covered": 0.0, "percent_covered_display": "0", "missing_lines": 1, "excluded_lines": 0}, "missing_lines": [39], "excluded_lines": []}, "DataRecorder.record_suggestion_modification": {"executed_lines": [], "summary": {"covered_lines": 0, "num_statements": 1, "percent_covered": 0.0, "percent_covered_display": "0", "missing_lines": 1, "excluded_lines": 0}, "missing_lines": [41], "excluded_lines": []}, "DataRecorder.record_accepted_suggestions": {"executed_lines": [43], "summary": {"covered_lines": 1, "num_statements": 1, "percent_covered": 100.0, "percent_covered_display": "100", "missing_lines": 0, "excluded_lines": 0}, "missing_lines": [], "excluded_lines": []}, "AccuracyTracker.__init__": {"executed_lines": [48], "summary": {"covered_lines": 1, "num_statements": 1, "percent_covered": 100.0, "percent_covered_display": "100", "missing_lines": 0, "excluded_lines": 0}, "missing_lines": [], "excluded_lines": []}, "SessionTracker.__init__": {"executed_lines": [53], "summary": {"covered_lines": 1, "num_statements": 1, "percent_covered": 100.0, "percent_covered_display": "100", "missing_lines": 0, "excluded_lines": 0}, "missing_lines": [], "excluded_lines": []}, "SessionTracker.start_accuracy_session": {"executed_lines": [], "summary": {"covered_lines": 0, "num_statements": 1, "percent_covered": 0.0, "percent_covered_display": "0", "missing_lines": 1, "excluded_lines": 0}, "missing_lines": [55], "excluded_lines": []}, "SessionTracker.add_modification": {"executed_lines": [], "summary": {"covered_lines": 0, "num_statements": 1, "percent_covered": 0.0, "percent_covered_display": "0", "missing_lines": 1, "excluded_lines": 0}, "missing_lines": [57], "excluded_lines": []}, "SessionTracker.finalize_session": {"executed_lines": [], "summary": {"covered_lines": 0, "num_statements": 1, "percent_covered": 0.0, "percent_covered_display": "0", "missing_lines": 1, "excluded_lines": 0}, "missing_lines": [59], "excluded_lines": []}, "AIProcessor.__init__": {"executed_lines": [97, 98, 99, 100, 101, 106, 109, 110, 111, 113, 116, 118, 119, 122, 126, 127, 131, 132, 133, 134, 137, 138, 139, 140, 141], "summary": {"covered_lines": 25, "num_statements": 25, "percent_covered": 100.0, "percent_covered_display": "100", "missing_lines": 0, "excluded_lines": 0}, "missing_lines": [], "excluded_lines": []}, "AIProcessor.get_username": {"executed_lines": [158, 159, 160, 161], "summary": {"covered_lines": 4, "num_statements": 5, "percent_covered": 80.0, "percent_covered_display": "80", "missing_lines": 1, "excluded_lines": 0}, "missing_lines": [162], "excluded_lines": []}, "AIProcessor.get_available_categories": {"executed_lines": [170], "summary": {"covered_lines": 1, "num_statements": 1, "percent_covered": 100.0, "percent_covered_display": "100", "missing_lines": 0, "excluded_lines": 0}, "missing_lines": [], "excluded_lines": []}, "AIProcessor.parse_prompty_file": {"executed_lines": [202, 203, 205, 206, 207, 208], "summary": {"covered_lines": 6, "num_statements": 8, "percent_covered": 75.0, "percent_covered_display": "75", "missing_lines": 2, "excluded_lines": 0}, "missing_lines": [209, 210], "excluded_lines": []}, "AIProcessor._repair_json_response": {"executed_lines": [], "summary": {"covered_lines": 0, "num_statements": 32, "percent_covered": 0.0, "percent_covered_display": "0", "missing_lines": 32, "excluded_lines": 0}, "missing_lines": [225, 226, 228, 231, 232, 233, 234, 235, 238, 239, 242, 245, 246, 249, 256, 262, 265, 266, 267, 268, 271, 272, 273, 274, 277, 278, 279, 280, 284, 286, 292, 293], "excluded_lines": []}, "AIProcessor._repair_json_response.fix_unterminated_value": {"executed_lines": [], "summary": {"covered_lines": 0, "num_statements": 3, "percent_covered": 0.0, "percent_covered_display": "0", "missing_lines": 3, "excluded_lines": 0}, "missing_lines": [257, 258, 259], "excluded_lines": []}, "AIProcessor.execute_prompty": {"executed_lines": [308, 311, 313, 316, 321, 323, 324, 325, 326, 328, 329, 332, 337, 344, 345, 346, 347, 348, 349], "summary": {"covered_lines": 19, "num_statements": 25, "percent_covered": 76.0, "percent_covered_display": "76", "missing_lines": 6, "excluded_lines": 0}, "missing_lines": [309, 338, 339, 340, 341, 342], "excluded_lines": []}, "AIProcessor._get_content_filter_fallback": {"executed_lines": [], "summary": {"covered_lines": 0, "num_statements": 17, "percent_covered": 0.0, "percent_covered_display": "0", "missing_lines": 17, "excluded_lines": 0}, "missing_lines": [353, 354, 355, 356, 357, 358, 359, 360, 361, 362, 363, 364, 365, 366, 367, 368, 370], "excluded_lines": []}, "AIProcessor._get_execution_error_fallback": {"executed_lines": [374, 377, 379, 380, 381, 382, 383, 384, 385], "summary": {"covered_lines": 9, "num_statements": 17, "percent_covered": 52.94117647058823, "percent_covered_display": "53", "missing_lines": 8, "excluded_lines": 0}, "missing_lines": [375, 376, 378, 386, 387, 388, 389, 391], "excluded_lines": []}, "AIProcessor.get_job_context": {"executed_lines": [394, 395], "summary": {"covered_lines": 2, "num_statements": 3, "percent_covered": 66.66666666666667, "percent_covered_display": "67", "missing_lines": 1, "excluded_lines": 0}, "missing_lines": [396], "excluded_lines": []}, "AIProcessor.get_job_skills": {"executed_lines": [399, 400, 401], "summary": {"covered_lines": 3, "num_statements": 4, "percent_covered": 75.0, "percent_covered_display": "75", "missing_lines": 1, "excluded_lines": 0}, "missing_lines": [402], "excluded_lines": []}, "AIProcessor.get_job_role_context": {"executed_lines": [405, 406, 407], "summary": {"covered_lines": 3, "num_statements": 4, "percent_covered": 75.0, "percent_covered_display": "75", "missing_lines": 1, "excluded_lines": 0}, "missing_lines": [408], "excluded_lines": []}, "AIProcessor.get_standard_context": {"executed_lines": [411], "summary": {"covered_lines": 1, "num_statements": 1, "percent_covered": 100.0, "percent_covered_display": "100", "missing_lines": 0, "excluded_lines": 0}, "missing_lines": [], "excluded_lines": []}, "AIProcessor._create_email_inputs": {"executed_lines": [414], "summary": {"covered_lines": 1, "num_statements": 1, "percent_covered": 100.0, "percent_covered_display": "100", "missing_lines": 0, "excluded_lines": 0}, "missing_lines": [], "excluded_lines": []}, "AIProcessor.classify_email": {"executed_lines": [426, 427], "summary": {"covered_lines": 2, "num_statements": 2, "percent_covered": 100.0, "percent_covered_display": "100", "missing_lines": 0, "excluded_lines": 0}, "missing_lines": [], "excluded_lines": []}, "AIProcessor.get_few_shot_examples": {"executed_lines": [432, 441, 445, 449, 453, 456, 457, 458, 461, 463, 464, 465, 466, 467, 470, 471, 472, 476, 481, 482, 483, 486, 490, 493, 494, 503], "summary": {"covered_lines": 26, "num_statements": 39, "percent_covered": 66.66666666666667, "percent_covered_display": "67", "missing_lines": 13, "excluded_lines": 0}, "missing_lines": [434, 435, 438, 443, 446, 454, 473, 477, 478, 484, 487, 495, 501], "excluded_lines": []}, "AIProcessor.apply_confidence_thresholds": {"executed_lines": [], "summary": {"covered_lines": 0, "num_statements": 12, "percent_covered": 0.0, "percent_covered_display": "0", "missing_lines": 12, "excluded_lines": 0}, "missing_lines": [507, 508, 511, 513, 516, 517, 520, 521, 522, 524, 526, 528], "excluded_lines": []}, "AIProcessor.generate_explanation": {"executed_lines": [539, 540, 543, 554, 555], "summary": {"covered_lines": 5, "num_statements": 5, "percent_covered": 100.0, "percent_covered_display": "100", "missing_lines": 0, "excluded_lines": 0}, "missing_lines": [], "excluded_lines": []}, "AIProcessor.classify_email_with_explanation": {"executed_lines": [559, 560, 563, 566, 569, 574, 575, 577, 579, 581, 592, 593, 598, 600, 625, 626, 627, 628], "summary": {"covered_lines": 18, "num_statements": 37, "percent_covered": 48.648648648648646, "percent_covered_display": "49", "missing_lines": 19, "excluded_lines": 0}, "missing_lines": [570, 571, 572, 583, 584, 585, 586, 601, 602, 605, 606, 607, 610, 611, 614, 615, 616, 618, 620], "excluded_lines": []}, "AIProcessor.detect_resolved_team_action": {"executed_lines": [], "summary": {"covered_lines": 0, "num_statements": 18, "percent_covered": 0.0, "percent_covered_display": "0", "missing_lines": 18, "excluded_lines": 0}, "missing_lines": [634, 635, 638, 639, 642, 644, 645, 648, 649, 651, 652, 653, 654, 655, 658, 659, 660, 661], "excluded_lines": []}, "AIProcessor.check_optional_item_deadline": {"executed_lines": [], "summary": {"covered_lines": 0, "num_statements": 25, "percent_covered": 0.0, "percent_covered_display": "0", "missing_lines": 25, "excluded_lines": 0}, "missing_lines": [665, 668, 669, 670, 671, 672, 673, 676, 677, 679, 681, 682, 685, 686, 688, 689, 690, 691, 693, 694, 696, 699, 700, 701, 702], "excluded_lines": []}, "AIProcessor.analyze_inbox_holistically": {"executed_lines": [], "summary": {"covered_lines": 0, "num_statements": 10, "percent_covered": 0.0, "percent_covered_display": "0", "missing_lines": 10, "excluded_lines": 0}, "missing_lines": [707, 710, 719, 721, 722, 725, 733, 735, 736, 738], "excluded_lines": []}, "AIProcessor._build_inbox_context_summary": {"executed_lines": [], "summary": {"covered_lines": 0, "num_statements": 11, "percent_covered": 0.0, "percent_covered_display": "0", "missing_lines": 11, "excluded_lines": 0}, "missing_lines": [744, 746, 748, 749, 750, 751, 752, 754, 756, 762, 764], "excluded_lines": []}, "AIProcessor.load_learning_data": {"executed_lines": [772], "summary": {"covered_lines": 1, "num_statements": 1, "percent_covered": 100.0, "percent_covered_display": "100", "missing_lines": 0, "excluded_lines": 0}, "missing_lines": [], "excluded_lines": []}, "AIProcessor.generate_email_summary": {"executed_lines": [], "summary": {"covered_lines": 0, "num_statements": 7, "percent_covered": 0.0, "percent_covered_display": "0", "missing_lines": 7, "excluded_lines": 0}, "missing_lines": [775, 776, 777, 779, 780, 781, 782], "excluded_lines": []}, "AIProcessor.extract_action_item_details": {"executed_lines": [], "summary": {"covered_lines": 0, "num_statements": 6, "percent_covered": 0.0, "percent_covered_display": "0", "missing_lines": 6, "excluded_lines": 0}, "missing_lines": [785, 786, 788, 790, 799, 807], "excluded_lines": []}, "AIProcessor.assess_event_relevance": {"executed_lines": [], "summary": {"covered_lines": 0, "num_statements": 10, "percent_covered": 0.0, "percent_covered_display": "0", "missing_lines": 10, "excluded_lines": 0}, "missing_lines": [810, 817, 819, 820, 823, 824, 826, 827, 828, 829], "excluded_lines": []}, "AIProcessor.generate_fyi_summary": {"executed_lines": [832, 833, 835, 836, 837], "summary": {"covered_lines": 5, "num_statements": 6, "percent_covered": 83.33333333333333, "percent_covered_display": "83", "missing_lines": 1, "excluded_lines": 0}, "missing_lines": [838], "excluded_lines": []}, "AIProcessor.generate_newsletter_summary": {"executed_lines": [841, 842, 844, 845], "summary": {"covered_lines": 4, "num_statements": 5, "percent_covered": 80.0, "percent_covered_display": "80", "missing_lines": 1, "excluded_lines": 0}, "missing_lines": [846], "excluded_lines": []}, "AIProcessor.advanced_deduplicate_action_items": {"executed_lines": [], "summary": {"covered_lines": 0, "num_statements": 18, "percent_covered": 0.0, "percent_covered_display": "0", "missing_lines": 18, "excluded_lines": 0}, "missing_lines": [850, 851, 853, 855, 856, 857, 866, 869, 873, 874, 876, 878, 879, 880, 882, 884, 885, 887], "excluded_lines": []}, "AIProcessor._apply_deduplication_results": {"executed_lines": [], "summary": {"covered_lines": 0, "num_statements": 60, "percent_covered": 0.0, "percent_covered_display": "0", "missing_lines": 60, "excluded_lines": 0}, "missing_lines": [891, 892, 893, 894, 897, 898, 899, 900, 901, 902, 903, 906, 907, 908, 909, 910, 912, 914, 917, 918, 919, 920, 923, 924, 925, 926, 927, 928, 929, 930, 931, 932, 933, 934, 937, 938, 940, 941, 942, 949, 952, 953, 955, 956, 957, 960, 961, 962, 963, 964, 965, 968, 969, 970, 972, 973, 975, 977, 978, 979], "excluded_lines": []}, "AIProcessor.save_learning_feedback": {"executed_lines": [], "summary": {"covered_lines": 0, "num_statements": 1, "percent_covered": 0.0, "percent_covered_display": "0", "missing_lines": 1, "excluded_lines": 0}, "missing_lines": [983], "excluded_lines": []}, "AIProcessor.record_batch_processing": {"executed_lines": [], "summary": {"covered_lines": 0, "num_statements": 2, "percent_covered": 0.0, "percent_covered_display": "0", "missing_lines": 2, "excluded_lines": 0}, "missing_lines": [987, 988], "excluded_lines": []}, "AIProcessor.start_accuracy_session": {"executed_lines": [], "summary": {"covered_lines": 0, "num_statements": 1, "percent_covered": 0.0, "percent_covered_display": "0", "missing_lines": 1, "excluded_lines": 0}, "missing_lines": [991], "excluded_lines": []}, "AIProcessor.record_suggestion_modification": {"executed_lines": [], "summary": {"covered_lines": 0, "num_statements": 2, "percent_covered": 0.0, "percent_covered_display": "0", "missing_lines": 2, "excluded_lines": 0}, "missing_lines": [995, 996], "excluded_lines": []}, "AIProcessor.record_accepted_suggestions": {"executed_lines": [1000], "summary": {"covered_lines": 1, "num_statements": 1, "percent_covered": 100.0, "percent_covered_display": "100", "missing_lines": 0, "excluded_lines": 0}, "missing_lines": [], "excluded_lines": []}, "AIProcessor.finalize_accuracy_session": {"executed_lines": [], "summary": {"covered_lines": 0, "num_statements": 1, "percent_covered": 0.0, "percent_covered_display": "0", "missing_lines": 1, "excluded_lines": 0}, "missing_lines": [1004], "excluded_lines": []}, "": {"executed_lines": [1, 18, 19, 20, 23, 24, 25, 26, 29, 32, 33, 34, 36, 38, 40, 42, 45, 46, 47, 50, 51, 52, 54, 56, 58, 62, 63, 94, 96, 143, 164, 182, 212, 295, 351, 372, 393, 398, 404, 410, 413, 424, 429, 505, 537, 557, 632, 663, 704, 742, 770, 774, 784, 809, 831, 840, 848, 889, 981, 985, 990, 993, 998, 1002], "summary": {"covered_lines": 59, "num_statements": 59, "percent_covered": 100.0, "percent_covered_display": "100", "missing_lines": 0, "excluded_lines": 0}, "missing_lines": [], "excluded_lines": []}}, "classes": {"DataRecorder": {"executed_lines": [35, 37, 43], "summary": {"covered_lines": 3, "num_statements": 5, "percent_covered": 60.0, "percent_covered_display": "60", "missing_lines": 2, "excluded_lines": 0}, "missing_lines": [39, 41], "excluded_lines": []}, "AccuracyTracker": {"executed_lines": [48], "summary": {"covered_lines": 1, "num_statements": 1, "percent_covered": 100.0, "percent_covered_display": "100", "missing_lines": 0, "excluded_lines": 0}, "missing_lines": [], "excluded_lines": []}, "SessionTracker": {"executed_lines": [53], "summary": {"covered_lines": 1, "num_statements": 4, "percent_covered": 25.0, "percent_covered_display": "25", "missing_lines": 3, "excluded_lines": 0}, "missing_lines": [55, 57, 59], "excluded_lines": []}, "AIProcessor": {"executed_lines": [97, 98, 99, 100, 101, 106, 109, 110, 111, 113, 116, 118, 119, 122, 126, 127, 131, 132, 133, 134, 137, 138, 139, 140, 141, 158, 159, 160, 161, 170, 202, 203, 205, 206, 207, 208, 308, 311, 313, 316, 321, 323, 324, 325, 326, 328, 329, 332, 337, 344, 345, 346, 347, 348, 349, 374, 377, 379, 380, 381, 382, 383, 384, 385, 394, 395, 399, 400, 401, 405, 406, 407, 411, 414, 426, 427, 432, 441, 445, 449, 453, 456, 457, 458, 461, 463, 464, 465, 466, 467, 470, 471, 472, 476, 481, 482, 483, 486, 490, 493, 494, 503, 539, 540, 543, 554, 555, 559, 560, 563, 566, 569, 574, 575, 577, 579, 581, 592, 593, 598, 600, 625, 626, 627, 628, 772, 832, 833, 835, 836, 837, 841, 842, 844, 845, 1000], "summary": {"covered_lines": 136, "num_statements": 426, "percent_covered": 31.92488262910798, "percent_covered_display": "32", "missing_lines": 290, "excluded_lines": 0}, "missing_lines": [162, 209, 210, 225, 226, 228, 231, 232, 233, 234, 235, 238, 239, 242, 245, 246, 249, 256, 257, 258, 259, 262, 265, 266, 267, 268, 271, 272, 273, 274, 277, 278, 279, 280, 284, 286, 292, 293, 309, 338, 339, 340, 341, 342, 353, 354, 355, 356, 357, 358, 359, 360, 361, 362, 363, 364, 365, 366, 367, 368, 370, 375, 376, 378, 386, 387, 388, 389, 391, 396, 402, 408, 434, 435, 438, 443, 446, 454, 473, 477, 478, 484, 487, 495, 501, 507, 508, 511, 513, 516, 517, 520, 521, 522, 524, 526, 528, 570, 571, 572, 583, 584, 585, 586, 601, 602, 605, 606, 607, 610, 611, 614, 615, 616, 618, 620, 634, 635, 638, 639, 642, 644, 645, 648, 649, 651, 652, 653, 654, 655, 658, 659, 660, 661, 665, 668, 669, 670, 671, 672, 673, 676, 677, 679, 681, 682, 685, 686, 688, 689, 690, 691, 693, 694, 696, 699, 700, 701, 702, 707, 710, 719, 721, 722, 725, 733, 735, 736, 738, 744, 746, 748, 749, 750, 751, 752, 754, 756, 762, 764, 775, 776, 777, 779, 780, 781, 782, 785, 786, 788, 790, 799, 807, 810, 817, 819, 820, 823, 824, 826, 827, 828, 829, 838, 846, 850, 851, 853, 855, 856, 857, 866, 869, 873, 874, 876, 878, 879, 880, 882, 884, 885, 887, 891, 892, 893, 894, 897, 898, 899, 900, 901, 902, 903, 906, 907, 908, 909, 910, 912, 914, 917, 918, 919, 920, 923, 924, 925, 926, 927, 928, 929, 930, 931, 932, 933, 934, 937, 938, 940, 941, 942, 949, 952, 953, 955, 956, 957, 960, 961, 962, 963, 964, 965, 968, 969, 970, 972, 973, 975, 977, 978, 979, 983, 987, 988, 991, 995, 996, 1004], "excluded_lines": []}, "": {"executed_lines": [1, 18, 19, 20, 23, 24, 25, 26, 29, 32, 33, 34, 36, 38, 40, 42, 45, 46, 47, 50, 51, 52, 54, 56, 58, 62, 63, 94, 96, 143, 164, 182, 212, 295, 351, 372, 393, 398, 404, 410, 413, 424, 429, 505, 537, 557, 632, 663, 704, 742, 770, 774, 784, 809, 831, 840, 848, 889, 981, 985, 990, 993, 998, 1002], "summary": {"covered_lines": 59, "num_statements": 59, "percent_covered": 100.0, "percent_covered_display": "100", "missing_lines": 0, "excluded_lines": 0}, "missing_lines": [], "excluded_lines": []}}}, "src\\azure_config.py": {"executed_lines": [2, 8, 9, 10, 13, 15, 16, 18, 19, 20, 21, 22, 24, 26, 27, 29, 31, 33, 34, 36, 38, 40, 42, 44, 48, 50, 61, 101, 122, 124, 125, 127, 138, 145, 153, 155, 158, 162, 163, 164, 165, 169, 171, 178, 191, 193, 196, 197, 198, 200, 228], "summary": {"covered_lines": 49, "num_statements": 103, "percent_covered": 47.57281553398058, "percent_covered_display": "48", "missing_lines": 54, "excluded_lines": 0}, "missing_lines": [28, 52, 53, 54, 55, 56, 63, 64, 66, 68, 71, 73, 78, 83, 86, 87, 92, 94, 96, 97, 103, 110, 112, 113, 114, 118, 120, 129, 135, 147, 148, 156, 159, 166, 167, 172, 180, 181, 202, 203, 204, 205, 206, 207, 208, 211, 214, 220, 221, 222, 224, 225, 226, 229], "excluded_lines": [], "functions": {"AzureConfig.__init__": {"executed_lines": [19, 20, 21, 22], "summary": {"covered_lines": 4, "num_statements": 4, "percent_covered": 100.0, "percent_covered_display": "100", "missing_lines": 0, "excluded_lines": 0}, "missing_lines": [], "excluded_lines": []}, "AzureConfig._get_endpoint": {"executed_lines": [26, 27, 29], "summary": {"covered_lines": 3, "num_statements": 4, "percent_covered": 75.0, "percent_covered_display": "75", "missing_lines": 1, "excluded_lines": 0}, "missing_lines": [28], "excluded_lines": []}, "AzureConfig._get_deployment": {"executed_lines": [33, 34], "summary": {"covered_lines": 2, "num_statements": 2, "percent_covered": 100.0, "percent_covered_display": "100", "missing_lines": 0, "excluded_lines": 0}, "missing_lines": [], "excluded_lines": []}, "AzureConfig._get_api_version": {"executed_lines": [38], "summary": {"covered_lines": 1, "num_statements": 1, "percent_covered": 100.0, "percent_covered_display": "100", "missing_lines": 0, "excluded_lines": 0}, "missing_lines": [], "excluded_lines": []}, "AzureConfig.get_api_key": {"executed_lines": [42], "summary": {"covered_lines": 1, "num_statements": 1, "percent_covered": 100.0, "percent_covered_display": "100", "missing_lines": 0, "excluded_lines": 0}, "missing_lines": [], "excluded_lines": []}, "AzureConfig.use_azure_credential": {"executed_lines": [48], "summary": {"covered_lines": 1, "num_statements": 1, "percent_covered": 100.0, "percent_covered_display": "100", "missing_lines": 0, "excluded_lines": 0}, "missing_lines": [], "excluded_lines": []}, "AzureConfig.get_azure_credential": {"executed_lines": [], "summary": {"covered_lines": 0, "num_statements": 5, "percent_covered": 0.0, "percent_covered_display": "0", "missing_lines": 5, "excluded_lines": 0}, "missing_lines": [52, 53, 54, 55, 56], "excluded_lines": []}, "AzureConfig.get_openai_client": {"executed_lines": [], "summary": {"covered_lines": 0, "num_statements": 14, "percent_covered": 0.0, "percent_covered_display": "0", "missing_lines": 14, "excluded_lines": 0}, "missing_lines": [63, 64, 66, 68, 71, 73, 78, 83, 86, 87, 92, 94, 96, 97], "excluded_lines": []}, "AzureConfig.get_prompty_config": {"executed_lines": [], "summary": {"covered_lines": 0, "num_statements": 7, "percent_covered": 0.0, "percent_covered_display": "0", "missing_lines": 7, "excluded_lines": 0}, "missing_lines": [103, 110, 112, 113, 114, 118, 120], "excluded_lines": []}, "AzureConfig.get_promptflow_config": {"executed_lines": [124, 125, 127, 138, 145], "summary": {"covered_lines": 5, "num_statements": 9, "percent_covered": 55.55555555555556, "percent_covered_display": "56", "missing_lines": 4, "excluded_lines": 0}, "missing_lines": [129, 135, 147, 148], "excluded_lines": []}, "AzureConfig._validate_config": {"executed_lines": [155, 158, 162, 163, 164, 165, 169, 171], "summary": {"covered_lines": 8, "num_statements": 13, "percent_covered": 61.53846153846154, "percent_covered_display": "62", "missing_lines": 5, "excluded_lines": 0}, "missing_lines": [156, 159, 166, 167, 172], "excluded_lines": []}, "AzureConfig.__str__": {"executed_lines": [], "summary": {"covered_lines": 0, "num_statements": 2, "percent_covered": 0.0, "percent_covered_display": "0", "missing_lines": 2, "excluded_lines": 0}, "missing_lines": [180, 181], "excluded_lines": []}, "get_azure_config": {"executed_lines": [196, 197, 198], "summary": {"covered_lines": 3, "num_statements": 3, "percent_covered": 100.0, "percent_covered_display": "100", "missing_lines": 0, "excluded_lines": 0}, "missing_lines": [], "excluded_lines": []}, "test_azure_connection": {"executed_lines": [], "summary": {"covered_lines": 0, "num_statements": 15, "percent_covered": 0.0, "percent_covered_display": "0", "missing_lines": 15, "excluded_lines": 0}, "missing_lines": [202, 203, 204, 205, 206, 207, 208, 211, 214, 220, 221, 222, 224, 225, 226], "excluded_lines": []}, "": {"executed_lines": [2, 8, 9, 10, 13, 15, 16, 18, 24, 31, 36, 40, 44, 50, 61, 101, 122, 153, 178, 191, 193, 200, 228], "summary": {"covered_lines": 21, "num_statements": 22, "percent_covered": 95.45454545454545, "percent_covered_display": "95", "missing_lines": 1, "excluded_lines": 0}, "missing_lines": [229], "excluded_lines": []}}, "classes": {"AzureConfig": {"executed_lines": [19, 20, 21, 22, 26, 27, 29, 33, 34, 38, 42, 48, 124, 125, 127, 138, 145, 155, 158, 162, 163, 164, 165, 169, 171], "summary": {"covered_lines": 25, "num_statements": 63, "percent_covered": 39.682539682539684, "percent_covered_display": "40", "missing_lines": 38, "excluded_lines": 0}, "missing_lines": [28, 52, 53, 54, 55, 56, 63, 64, 66, 68, 71, 73, 78, 83, 86, 87, 92, 94, 96, 97, 103, 110, 112, 113, 114, 118, 120, 129, 135, 147, 148, 156, 159, 166, 167, 172, 180, 181], "excluded_lines": []}, "": {"executed_lines": [2, 8, 9, 10, 13, 15, 16, 18, 24, 31, 36, 40, 44, 50, 61, 101, 122, 153, 178, 191, 193, 196, 197, 198, 200, 228], "summary": {"covered_lines": 24, "num_statements": 40, "percent_covered": 60.0, "percent_covered_display": "60", "missing_lines": 16, "excluded_lines": 0}, "missing_lines": [202, 203, 204, 205, 206, 207, 208, 211, 214, 220, 221, 222, 224, 225, 226, 229], "excluded_lines": []}}}, "src\\core\\__init__.py": {"executed_lines": [1, 21, 22, 24], "summary": {"covered_lines": 3, "num_statements": 3, "percent_covered": 100.0, "percent_covered_display": "100", "missing_lines": 0, "excluded_lines": 0}, "missing_lines": [], "excluded_lines": [], "functions": {"": {"executed_lines": [1, 21, 22, 24], "summary": {"covered_lines": 3, "num_statements": 3, "percent_covered": 100.0, "percent_covered_display": "100", "missing_lines": 0, "excluded_lines": 0}, "missing_lines": [], "excluded_lines": []}}, "classes": {"": {"executed_lines": [1, 21, 22, 24], "summary": {"covered_lines": 3, "num_statements": 3, "percent_covered": 100.0, "percent_covered_display": "100", "missing_lines": 0, "excluded_lines": 0}, "missing_lines": [], "excluded_lines": []}}}, "src\\core\\ai\\__init__.py": {"executed_lines": [1, 8, 9, 10, 11, 12, 14], "summary": {"covered_lines": 6, "num_statements": 6, "percent_covered": 100.0, "percent_covered_display": "100", "missing_lines": 0, "excluded_lines": 0}, "missing_lines": [], "excluded_lines": [], "functions": {"": {"executed_lines": [1, 8, 9, 10, 11, 12, 14], "summary": {"covered_lines": 6, "num_statements": 6, "percent_covered": 100.0, "percent_covered_display": "100", "missing_lines": 0, "excluded_lines": 0}, "missing_lines": [], "excluded_lines": []}}, "classes": {"": {"executed_lines": [1, 8, 9, 10, 11, 12, 14], "summary": {"covered_lines": 6, "num_statements": 6, "percent_covered": 100.0, "percent_covered_display": "100", "missing_lines": 0, "excluded_lines": 0}, "missing_lines": [], "excluded_lines": []}}}, "src\\core\\ai\\ai_classifier.py": {"executed_lines": [1, 7, 8, 9, 10, 12, 15, 16, 24, 36, 43, 44, 46, 84, 120, 134, 200], "summary": {"covered_lines": 15, "num_statements": 81, "percent_covered": 18.51851851851852, "percent_covered_display": "19", "missing_lines": 66, "excluded_lines": 0}, "missing_lines": [57, 58, 61, 64, 65, 66, 67, 68, 71, 74, 77, 81, 82, 94, 95, 97, 98, 100, 101, 103, 104, 105, 107, 109, 111, 122, 136, 137, 138, 139, 141, 142, 144, 145, 147, 151, 152, 154, 155, 156, 158, 160, 161, 162, 163, 164, 167, 168, 169, 170, 173, 174, 175, 178, 179, 180, 181, 183, 184, 186, 188, 189, 190, 196, 198, 202], "excluded_lines": [], "functions": {"AIClassifier.__init__": {"executed_lines": [43, 44], "summary": {"covered_lines": 2, "num_statements": 2, "percent_covered": 100.0, "percent_covered_display": "100", "missing_lines": 0, "excluded_lines": 0}, "missing_lines": [], "excluded_lines": []}, "AIClassifier.classify_email": {"executed_lines": [], "summary": {"covered_lines": 0, "num_statements": 13, "percent_covered": 0.0, "percent_covered_display": "0", "missing_lines": 13, "excluded_lines": 0}, "missing_lines": [57, 58, 61, 64, 65, 66, 67, 68, 71, 74, 77, 81, 82], "excluded_lines": []}, "AIClassifier.apply_confidence_thresholds": {"executed_lines": [], "summary": {"covered_lines": 0, "num_statements": 12, "percent_covered": 0.0, "percent_covered_display": "0", "missing_lines": 12, "excluded_lines": 0}, "missing_lines": [94, 95, 97, 98, 100, 101, 103, 104, 105, 107, 109, 111], "excluded_lines": []}, "AIClassifier.get_available_categories": {"executed_lines": [], "summary": {"covered_lines": 0, "num_statements": 1, "percent_covered": 0.0, "percent_covered_display": "0", "missing_lines": 1, "excluded_lines": 0}, "missing_lines": [122], "excluded_lines": []}, "AIClassifier._get_few_shot_examples": {"executed_lines": [], "summary": {"covered_lines": 0, "num_statements": 39, "percent_covered": 0.0, "percent_covered_display": "0", "missing_lines": 39, "excluded_lines": 0}, "missing_lines": [136, 137, 138, 139, 141, 142, 144, 145, 147, 151, 152, 154, 155, 156, 158, 160, 161, 162, 163, 164, 167, 168, 169, 170, 173, 174, 175, 178, 179, 180, 181, 183, 184, 186, 188, 189, 190, 196, 198], "excluded_lines": []}, "AIClassifier._create_email_inputs": {"executed_lines": [], "summary": {"covered_lines": 0, "num_statements": 1, "percent_covered": 0.0, "percent_covered_display": "0", "missing_lines": 1, "excluded_lines": 0}, "missing_lines": [202], "excluded_lines": []}, "": {"executed_lines": [1, 7, 8, 9, 10, 12, 15, 16, 24, 36, 46, 84, 120, 134, 200], "summary": {"covered_lines": 13, "num_statements": 13, "percent_covered": 100.0, "percent_covered_display": "100", "missing_lines": 0, "excluded_lines": 0}, "missing_lines": [], "excluded_lines": []}}, "classes": {"AIClassifier": {"executed_lines": [43, 44], "summary": {"covered_lines": 2, "num_statements": 68, "percent_covered": 2.9411764705882355, "percent_covered_display": "3", "missing_lines": 66, "excluded_lines": 0}, "missing_lines": [57, 58, 61, 64, 65, 66, 67, 68, 71, 74, 77, 81, 82, 94, 95, 97, 98, 100, 101, 103, 104, 105, 107, 109, 111, 122, 136, 137, 138, 139, 141, 142, 144, 145, 147, 151, 152, 154, 155, 156, 158, 160, 161, 162, 163, 164, 167, 168, 169, 170, 173, 174, 175, 178, 179, 180, 181, 183, 184, 186, 188, 189, 190, 196, 198, 202], "excluded_lines": []}, "": {"executed_lines": [1, 7, 8, 9, 10, 12, 15, 16, 24, 36, 46, 84, 120, 134, 200], "summary": {"covered_lines": 13, "num_statements": 13, "percent_covered": 100.0, "percent_covered_display": "100", "missing_lines": 0, "excluded_lines": 0}, "missing_lines": [], "excluded_lines": []}}}, "src\\core\\ai\\ai_extractor.py": {"executed_lines": [1, 7, 8, 9, 10, 11, 12, 14, 17, 18, 25, 32, 33, 35, 50, 87, 136, 176, 222, 248, 332], "summary": {"covered_lines": 19, "num_statements": 172, "percent_covered": 11.046511627906977, "percent_covered_display": "11", "missing_lines": 153, "excluded_lines": 0}, "missing_lines": [45, 46, 48, 60, 61, 63, 64, 66, 68, 69, 71, 72, 73, 75, 76, 77, 78, 79, 82, 83, 84, 85, 97, 100, 101, 102, 103, 104, 105, 108, 109, 111, 113, 114, 116, 117, 118, 120, 121, 122, 123, 125, 126, 128, 131, 132, 133, 134, 147, 149, 156, 158, 159, 161, 168, 169, 171, 172, 174, 185, 186, 188, 189, 190, 191, 200, 202, 206, 207, 209, 210, 211, 212, 213, 215, 217, 218, 220, 224, 225, 227, 228, 229, 230, 231, 232, 233, 234, 236, 238, 244, 246, 250, 251, 252, 253, 255, 256, 257, 258, 259, 260, 261, 263, 264, 265, 266, 267, 269, 270, 272, 273, 274, 275, 278, 279, 280, 281, 282, 283, 284, 285, 286, 287, 288, 289, 291, 292, 294, 295, 296, 303, 305, 306, 308, 309, 310, 312, 313, 314, 315, 316, 317, 319, 320, 321, 323, 324, 326, 328, 329, 330, 334], "excluded_lines": [], "functions": {"AIExtractor.__init__": {"executed_lines": [32, 33], "summary": {"covered_lines": 2, "num_statements": 2, "percent_covered": 100.0, "percent_covered_display": "100", "missing_lines": 0, "excluded_lines": 0}, "missing_lines": [], "excluded_lines": []}, "AIExtractor.extract_action_item_details": {"executed_lines": [], "summary": {"covered_lines": 0, "num_statements": 3, "percent_covered": 0.0, "percent_covered_display": "0", "missing_lines": 3, "excluded_lines": 0}, "missing_lines": [45, 46, 48], "excluded_lines": []}, "AIExtractor.detect_resolved_team_action": {"executed_lines": [], "summary": {"covered_lines": 0, "num_statements": 19, "percent_covered": 0.0, "percent_covered_display": "0", "missing_lines": 19, "excluded_lines": 0}, "missing_lines": [60, 61, 63, 64, 66, 68, 69, 71, 72, 73, 75, 76, 77, 78, 79, 82, 83, 84, 85], "excluded_lines": []}, "AIExtractor.check_optional_item_deadline": {"executed_lines": [], "summary": {"covered_lines": 0, "num_statements": 26, "percent_covered": 0.0, "percent_covered_display": "0", "missing_lines": 26, "excluded_lines": 0}, "missing_lines": [97, 100, 101, 102, 103, 104, 105, 108, 109, 111, 113, 114, 116, 117, 118, 120, 121, 122, 123, 125, 126, 128, 131, 132, 133, 134], "excluded_lines": []}, "AIExtractor.analyze_inbox_holistically": {"executed_lines": [], "summary": {"covered_lines": 0, "num_statements": 11, "percent_covered": 0.0, "percent_covered_display": "0", "missing_lines": 11, "excluded_lines": 0}, "missing_lines": [147, 149, 156, 158, 159, 161, 168, 169, 171, 172, 174], "excluded_lines": []}, "AIExtractor.deduplicate_action_items": {"executed_lines": [], "summary": {"covered_lines": 0, "num_statements": 19, "percent_covered": 0.0, "percent_covered_display": "0", "missing_lines": 19, "excluded_lines": 0}, "missing_lines": [185, 186, 188, 189, 190, 191, 200, 202, 206, 207, 209, 210, 211, 212, 213, 215, 217, 218, 220], "excluded_lines": []}, "AIExtractor._build_inbox_context_summary": {"executed_lines": [], "summary": {"covered_lines": 0, "num_statements": 14, "percent_covered": 0.0, "percent_covered_display": "0", "missing_lines": 14, "excluded_lines": 0}, "missing_lines": [224, 225, 227, 228, 229, 230, 231, 232, 233, 234, 236, 238, 244, 246], "excluded_lines": []}, "AIExtractor._apply_deduplication_results": {"executed_lines": [], "summary": {"covered_lines": 0, "num_statements": 60, "percent_covered": 0.0, "percent_covered_display": "0", "missing_lines": 60, "excluded_lines": 0}, "missing_lines": [250, 251, 252, 253, 255, 256, 257, 258, 259, 260, 261, 263, 264, 265, 266, 267, 269, 270, 272, 273, 274, 275, 278, 279, 280, 281, 282, 283, 284, 285, 286, 287, 288, 289, 291, 292, 294, 295, 296, 303, 305, 306, 308, 309, 310, 312, 313, 314, 315, 316, 317, 319, 320, 321, 323, 324, 326, 328, 329, 330], "excluded_lines": []}, "AIExtractor._create_email_inputs": {"executed_lines": [], "summary": {"covered_lines": 0, "num_statements": 1, "percent_covered": 0.0, "percent_covered_display": "0", "missing_lines": 1, "excluded_lines": 0}, "missing_lines": [334], "excluded_lines": []}, "": {"executed_lines": [1, 7, 8, 9, 10, 11, 12, 14, 17, 18, 25, 35, 50, 87, 136, 176, 222, 248, 332], "summary": {"covered_lines": 17, "num_statements": 17, "percent_covered": 100.0, "percent_covered_display": "100", "missing_lines": 0, "excluded_lines": 0}, "missing_lines": [], "excluded_lines": []}}, "classes": {"AIExtractor": {"executed_lines": [32, 33], "summary": {"covered_lines": 2, "num_statements": 155, "percent_covered": 1.2903225806451613, "percent_covered_display": "1", "missing_lines": 153, "excluded_lines": 0}, "missing_lines": [45, 46, 48, 60, 61, 63, 64, 66, 68, 69, 71, 72, 73, 75, 76, 77, 78, 79, 82, 83, 84, 85, 97, 100, 101, 102, 103, 104, 105, 108, 109, 111, 113, 114, 116, 117, 118, 120, 121, 122, 123, 125, 126, 128, 131, 132, 133, 134, 147, 149, 156, 158, 159, 161, 168, 169, 171, 172, 174, 185, 186, 188, 189, 190, 191, 200, 202, 206, 207, 209, 210, 211, 212, 213, 215, 217, 218, 220, 224, 225, 227, 228, 229, 230, 231, 232, 233, 234, 236, 238, 244, 246, 250, 251, 252, 253, 255, 256, 257, 258, 259, 260, 261, 263, 264, 265, 266, 267, 269, 270, 272, 273, 274, 275, 278, 279, 280, 281, 282, 283, 284, 285, 286, 287, 288, 289, 291, 292, 294, 295, 296, 303, 305, 306, 308, 309, 310, 312, 313, 314, 315, 316, 317, 319, 320, 321, 323, 324, 326, 328, 329, 330, 334], "excluded_lines": []}, "": {"executed_lines": [1, 7, 8, 9, 10, 11, 12, 14, 17, 18, 25, 35, 50, 87, 136, 176, 222, 248, 332], "summary": {"covered_lines": 17, "num_statements": 17, "percent_covered": 100.0, "percent_covered_display": "100", "missing_lines": 0, "excluded_lines": 0}, "missing_lines": [], "excluded_lines": []}}}, "src\\core\\ai\\ai_summarizer.py": {"executed_lines": [1, 7, 8, 9, 10, 12, 15, 16, 23, 29, 31, 49, 67, 84, 114], "summary": {"covered_lines": 13, "num_statements": 41, "percent_covered": 31.70731707317073, "percent_covered_display": "32", "missing_lines": 28, "excluded_lines": 0}, "missing_lines": [41, 42, 44, 45, 46, 47, 59, 60, 62, 63, 64, 65, 77, 78, 80, 81, 82, 95, 102, 103, 104, 106, 107, 109, 110, 111, 112, 116], "excluded_lines": [], "functions": {"AISummarizer.__init__": {"executed_lines": [29], "summary": {"covered_lines": 1, "num_statements": 1, "percent_covered": 100.0, "percent_covered_display": "100", "missing_lines": 0, "excluded_lines": 0}, "missing_lines": [], "excluded_lines": []}, "AISummarizer.generate_email_summary": {"executed_lines": [], "summary": {"covered_lines": 0, "num_statements": 6, "percent_covered": 0.0, "percent_covered_display": "0", "missing_lines": 6, "excluded_lines": 0}, "missing_lines": [41, 42, 44, 45, 46, 47], "excluded_lines": []}, "AISummarizer.generate_fyi_summary": {"executed_lines": [], "summary": {"covered_lines": 0, "num_statements": 6, "percent_covered": 0.0, "percent_covered_display": "0", "missing_lines": 6, "excluded_lines": 0}, "missing_lines": [59, 60, 62, 63, 64, 65], "excluded_lines": []}, "AISummarizer.generate_newsletter_summary": {"executed_lines": [], "summary": {"covered_lines": 0, "num_statements": 5, "percent_covered": 0.0, "percent_covered_display": "0", "missing_lines": 5, "excluded_lines": 0}, "missing_lines": [77, 78, 80, 81, 82], "excluded_lines": []}, "AISummarizer.assess_event_relevance": {"executed_lines": [], "summary": {"covered_lines": 0, "num_statements": 10, "percent_covered": 0.0, "percent_covered_display": "0", "missing_lines": 10, "excluded_lines": 0}, "missing_lines": [95, 102, 103, 104, 106, 107, 109, 110, 111, 112], "excluded_lines": []}, "AISummarizer._create_email_inputs": {"executed_lines": [], "summary": {"covered_lines": 0, "num_statements": 1, "percent_covered": 0.0, "percent_covered_display": "0", "missing_lines": 1, "excluded_lines": 0}, "missing_lines": [116], "excluded_lines": []}, "": {"executed_lines": [1, 7, 8, 9, 10, 12, 15, 16, 23, 31, 49, 67, 84, 114], "summary": {"covered_lines": 12, "num_statements": 12, "percent_covered": 100.0, "percent_covered_display": "100", "missing_lines": 0, "excluded_lines": 0}, "missing_lines": [], "excluded_lines": []}}, "classes": {"AISummarizer": {"executed_lines": [29], "summary": {"covered_lines": 1, "num_statements": 29, "percent_covered": 3.4482758620689653, "percent_covered_display": "3", "missing_lines": 28, "excluded_lines": 0}, "missing_lines": [41, 42, 44, 45, 46, 47, 59, 60, 62, 63, 64, 65, 77, 78, 80, 81, 82, 95, 102, 103, 104, 106, 107, 109, 110, 111, 112, 116], "excluded_lines": []}, "": {"executed_lines": [1, 7, 8, 9, 10, 12, 15, 16, 23, 31, 49, 67, 84, 114], "summary": {"covered_lines": 12, "num_statements": 12, "percent_covered": 100.0, "percent_covered_display": "100", "missing_lines": 0, "excluded_lines": 0}, "missing_lines": [], "excluded_lines": []}}}, "src\\core\\ai\\prompt_manager.py": {"executed_lines": [1, 7, 8, 9, 11, 14, 15, 22, 29, 30, 32, 51, 97, 118], "summary": {"covered_lines": 12, "num_statements": 72, "percent_covered": 16.666666666666668, "percent_covered_display": "17", "missing_lines": 60, "excluded_lines": 0}, "missing_lines": [41, 42, 44, 45, 46, 47, 48, 49, 61, 62, 64, 66, 69, 74, 76, 77, 78, 79, 81, 82, 85, 90, 91, 92, 94, 95, 99, 100, 101, 102, 103, 104, 105, 106, 107, 108, 109, 110, 111, 112, 113, 114, 116, 120, 121, 122, 123, 124, 125, 126, 127, 128, 129, 130, 131, 132, 133, 134, 135, 137], "excluded_lines": [], "functions": {"PromptManager.__init__": {"executed_lines": [29, 30], "summary": {"covered_lines": 2, "num_statements": 2, "percent_covered": 100.0, "percent_covered_display": "100", "missing_lines": 0, "excluded_lines": 0}, "missing_lines": [], "excluded_lines": []}, "PromptManager.parse_prompty_file": {"executed_lines": [], "summary": {"covered_lines": 0, "num_statements": 8, "percent_covered": 0.0, "percent_covered_display": "0", "missing_lines": 8, "excluded_lines": 0}, "missing_lines": [41, 42, 44, 45, 46, 47, 48, 49], "excluded_lines": []}, "PromptManager.execute_prompty": {"executed_lines": [], "summary": {"covered_lines": 0, "num_statements": 18, "percent_covered": 0.0, "percent_covered_display": "0", "missing_lines": 18, "excluded_lines": 0}, "missing_lines": [61, 62, 64, 66, 69, 74, 76, 77, 78, 79, 81, 82, 85, 90, 91, 92, 94, 95], "excluded_lines": []}, "PromptManager._get_content_filter_fallback": {"executed_lines": [], "summary": {"covered_lines": 0, "num_statements": 17, "percent_covered": 0.0, "percent_covered_display": "0", "missing_lines": 17, "excluded_lines": 0}, "missing_lines": [99, 100, 101, 102, 103, 104, 105, 106, 107, 108, 109, 110, 111, 112, 113, 114, 116], "excluded_lines": []}, "PromptManager._get_execution_error_fallback": {"executed_lines": [], "summary": {"covered_lines": 0, "num_statements": 17, "percent_covered": 0.0, "percent_covered_display": "0", "missing_lines": 17, "excluded_lines": 0}, "missing_lines": [120, 121, 122, 123, 124, 125, 126, 127, 128, 129, 130, 131, 132, 133, 134, 135, 137], "excluded_lines": []}, "": {"executed_lines": [1, 7, 8, 9, 11, 14, 15, 22, 32, 51, 97, 118], "summary": {"covered_lines": 10, "num_statements": 10, "percent_covered": 100.0, "percent_covered_display": "100", "missing_lines": 0, "excluded_lines": 0}, "missing_lines": [], "excluded_lines": []}}, "classes": {"PromptManager": {"executed_lines": [29, 30], "summary": {"covered_lines": 2, "num_statements": 62, "percent_covered": 3.225806451612903, "percent_covered_display": "3", "missing_lines": 60, "excluded_lines": 0}, "missing_lines": [41, 42, 44, 45, 46, 47, 48, 49, 61, 62, 64, 66, 69, 74, 76, 77, 78, 79, 81, 82, 85, 90, 91, 92, 94, 95, 99, 100, 101, 102, 103, 104, 105, 106, 107, 108, 109, 110, 111, 112, 113, 114, 116, 120, 121, 122, 123, 124, 125, 126, 127, 128, 129, 130, 131, 132, 133, 134, 135, 137], "excluded_lines": []}, "": {"executed_lines": [1, 7, 8, 9, 11, 14, 15, 22, 32, 51, 97, 118], "summary": {"covered_lines": 10, "num_statements": 10, "percent_covered": 100.0, "percent_covered_display": "100", "missing_lines": 0, "excluded_lines": 0}, "missing_lines": [], "excluded_lines": []}}}, "src\\core\\ai\\response_parser.py": {"executed_lines": [1, 7, 8, 9, 10, 12, 15, 16, 23, 89, 132, 155], "summary": {"covered_lines": 10, "num_statements": 67, "percent_covered": 14.925373134328359, "percent_covered_display": "15", "missing_lines": 57, "excluded_lines": 0}, "missing_lines": [32, 33, 35, 38, 39, 40, 41, 42, 45, 46, 49, 52, 53, 56, 63, 64, 65, 66, 68, 69, 70, 71, 74, 75, 76, 77, 79, 80, 86, 87, 100, 105, 106, 107, 109, 110, 111, 113, 114, 115, 117, 118, 120, 121, 123, 128, 129, 130, 142, 150, 151, 153, 157, 158, 160, 171, 172], "excluded_lines": [], "functions": {"ResponseParser.repair_json_response": {"executed_lines": [], "summary": {"covered_lines": 0, "num_statements": 30, "percent_covered": 0.0, "percent_covered_display": "0", "missing_lines": 30, "excluded_lines": 0}, "missing_lines": [32, 33, 35, 38, 39, 40, 41, 42, 45, 46, 49, 52, 53, 56, 63, 64, 65, 66, 68, 69, 70, 71, 74, 75, 76, 77, 79, 80, 86, 87], "excluded_lines": []}, "ResponseParser.parse_classification_response": {"executed_lines": [], "summary": {"covered_lines": 0, "num_statements": 18, "percent_covered": 0.0, "percent_covered_display": "0", "missing_lines": 18, "excluded_lines": 0}, "missing_lines": [100, 105, 106, 107, 109, 110, 111, 113, 114, 115, 117, 118, 120, 121, 123, 128, 129, 130], "excluded_lines": []}, "ResponseParser.parse_action_item_response": {"executed_lines": [], "summary": {"covered_lines": 0, "num_statements": 4, "percent_covered": 0.0, "percent_covered_display": "0", "missing_lines": 4, "excluded_lines": 0}, "missing_lines": [142, 150, 151, 153], "excluded_lines": []}, "ResponseParser._generate_explanation": {"executed_lines": [], "summary": {"covered_lines": 0, "num_statements": 5, "percent_covered": 0.0, "percent_covered_display": "0", "missing_lines": 5, "excluded_lines": 0}, "missing_lines": [157, 158, 160, 171, 172], "excluded_lines": []}, "": {"executed_lines": [1, 7, 8, 9, 10, 12, 15, 16, 23, 89, 132, 155], "summary": {"covered_lines": 10, "num_statements": 10, "percent_covered": 100.0, "percent_covered_display": "100", "missing_lines": 0, "excluded_lines": 0}, "missing_lines": [], "excluded_lines": []}}, "classes": {"ResponseParser": {"executed_lines": [], "summary": {"covered_lines": 0, "num_statements": 57, "percent_covered": 0.0, "percent_covered_display": "0", "missing_lines": 57, "excluded_lines": 0}, "missing_lines": [32, 33, 35, 38, 39, 40, 41, 42, 45, 46, 49, 52, 53, 56, 63, 64, 65, 66, 68, 69, 70, 71, 74, 75, 76, 77, 79, 80, 86, 87, 100, 105, 106, 107, 109, 110, 111, 113, 114, 115, 117, 118, 120, 121, 123, 128, 129, 130, 142, 150, 151, 153, 157, 158, 160, 171, 172], "excluded_lines": []}, "": {"executed_lines": [1, 7, 8, 9, 10, 12, 15, 16, 23, 89, 132, 155], "summary": {"covered_lines": 10, "num_statements": 10, "percent_covered": 100.0, "percent_covered_display": "100", "missing_lines": 0, "excluded_lines": 0}, "missing_lines": [], "excluded_lines": []}}}, "src\\core\\ai_client.py": {"executed_lines": [1, 7, 8, 9, 11, 14, 15, 22, 23, 44, 45, 54, 55, 61, 67, 68, 70, 81, 88, 89, 92, 93, 96, 97, 103, 104, 111, 112, 123, 127, 136, 137, 138, 141, 146, 147, 153, 159, 163, 165, 167, 186, 187, 189, 191, 193, 194, 195, 196, 197, 201, 252, 254, 255, 260, 264, 265, 267], "summary": {"covered_lines": 54, "num_statements": 124, "percent_covered": 43.54838709677419, "percent_covered_display": "44", "missing_lines": 70, "excluded_lines": 0}, "missing_lines": [42, 51, 113, 114, 121, 125, 143, 160, 161, 198, 199, 202, 204, 205, 207, 209, 210, 211, 212, 215, 216, 217, 218, 219, 222, 223, 224, 228, 229, 230, 232, 234, 237, 238, 239, 240, 241, 242, 243, 244, 246, 248, 249, 250, 261, 262, 269, 270, 272, 274, 280, 281, 282, 285, 286, 287, 288, 289, 290, 291, 292, 293, 294, 295, 296, 297, 299, 300, 301, 302], "excluded_lines": [], "functions": {"AIClient.execute_prompt": {"executed_lines": [], "summary": {"covered_lines": 0, "num_statements": 1, "percent_covered": 0.0, "percent_covered_display": "0", "missing_lines": 1, "excluded_lines": 0}, "missing_lines": [42], "excluded_lines": []}, "AIClient.is_available": {"executed_lines": [], "summary": {"covered_lines": 0, "num_statements": 1, "percent_covered": 0.0, "percent_covered_display": "0", "missing_lines": 1, "excluded_lines": 0}, "missing_lines": [51], "excluded_lines": []}, "MockAIClient.__init__": {"executed_lines": [67, 68], "summary": {"covered_lines": 2, "num_statements": 2, "percent_covered": 100.0, "percent_covered_display": "100", "missing_lines": 0, "excluded_lines": 0}, "missing_lines": [], "excluded_lines": []}, "MockAIClient.execute_prompt": {"executed_lines": [81, 88, 89, 92, 93, 96, 97, 103, 104, 111, 112], "summary": {"covered_lines": 11, "num_statements": 14, "percent_covered": 78.57142857142857, "percent_covered_display": "79", "missing_lines": 3, "excluded_lines": 0}, "missing_lines": [113, 114, 121], "excluded_lines": []}, "MockAIClient.is_available": {"executed_lines": [], "summary": {"covered_lines": 0, "num_statements": 1, "percent_covered": 0.0, "percent_covered_display": "0", "missing_lines": 1, "excluded_lines": 0}, "missing_lines": [125], "excluded_lines": []}, "MockAIClient.get_call_count": {"executed_lines": [136, 137, 138], "summary": {"covered_lines": 3, "num_statements": 3, "percent_covered": 100.0, "percent_covered_display": "100", "missing_lines": 0, "excluded_lines": 0}, "missing_lines": [], "excluded_lines": []}, "MockAIClient.reset_history": {"executed_lines": [], "summary": {"covered_lines": 0, "num_statements": 1, "percent_covered": 0.0, "percent_covered_display": "0", "missing_lines": 1, "excluded_lines": 0}, "missing_lines": [143], "excluded_lines": []}, "AzureOpenAIClient.__init__": {"executed_lines": [159, 163, 165], "summary": {"covered_lines": 3, "num_statements": 5, "percent_covered": 60.0, "percent_covered_display": "60", "missing_lines": 2, "excluded_lines": 0}, "missing_lines": [160, 161], "excluded_lines": []}, "AzureOpenAIClient.execute_prompt": {"executed_lines": [186, 187, 189, 191, 193, 194, 195, 196, 197, 201, 252, 254, 255, 260, 264, 265], "summary": {"covered_lines": 16, "num_statements": 53, "percent_covered": 30.18867924528302, "percent_covered_display": "30", "missing_lines": 37, "excluded_lines": 0}, "missing_lines": [198, 199, 202, 204, 205, 207, 209, 210, 211, 212, 215, 216, 217, 218, 219, 222, 223, 224, 228, 229, 230, 232, 234, 237, 238, 239, 240, 241, 242, 243, 244, 246, 248, 249, 250, 261, 262], "excluded_lines": []}, "AzureOpenAIClient.is_available": {"executed_lines": [], "summary": {"covered_lines": 0, "num_statements": 24, "percent_covered": 0.0, "percent_covered_display": "0", "missing_lines": 24, "excluded_lines": 0}, "missing_lines": [269, 270, 272, 274, 280, 281, 282, 285, 286, 287, 288, 289, 290, 291, 292, 293, 294, 295, 296, 297, 299, 300, 301, 302], "excluded_lines": []}, "": {"executed_lines": [1, 7, 8, 9, 11, 14, 15, 22, 23, 44, 45, 54, 55, 61, 70, 123, 127, 141, 146, 147, 153, 167, 267], "summary": {"covered_lines": 19, "num_statements": 19, "percent_covered": 100.0, "percent_covered_display": "100", "missing_lines": 0, "excluded_lines": 0}, "missing_lines": [], "excluded_lines": []}}, "classes": {"AIClient": {"executed_lines": [], "summary": {"covered_lines": 0, "num_statements": 2, "percent_covered": 0.0, "percent_covered_display": "0", "missing_lines": 2, "excluded_lines": 0}, "missing_lines": [42, 51], "excluded_lines": []}, "MockAIClient": {"executed_lines": [67, 68, 81, 88, 89, 92, 93, 96, 97, 103, 104, 111, 112, 136, 137, 138], "summary": {"covered_lines": 16, "num_statements": 21, "percent_covered": 76.19047619047619, "percent_covered_display": "76", "missing_lines": 5, "excluded_lines": 0}, "missing_lines": [113, 114, 121, 125, 143], "excluded_lines": []}, "AzureOpenAIClient": {"executed_lines": [159, 163, 165, 186, 187, 189, 191, 193, 194, 195, 196, 197, 201, 252, 254, 255, 260, 264, 265], "summary": {"covered_lines": 19, "num_statements": 82, "percent_covered": 23.170731707317074, "percent_covered_display": "23", "missing_lines": 63, "excluded_lines": 0}, "missing_lines": [160, 161, 198, 199, 202, 204, 205, 207, 209, 210, 211, 212, 215, 216, 217, 218, 219, 222, 223, 224, 228, 229, 230, 232, 234, 237, 238, 239, 240, 241, 242, 243, 244, 246, 248, 249, 250, 261, 262, 269, 270, 272, 274, 280, 281, 282, 285, 286, 287, 288, 289, 290, 291, 292, 293, 294, 295, 296, 297, 299, 300, 301, 302], "excluded_lines": []}, "": {"executed_lines": [1, 7, 8, 9, 11, 14, 15, 22, 23, 44, 45, 54, 55, 61, 70, 123, 127, 141, 146, 147, 153, 167, 267], "summary": {"covered_lines": 19, "num_statements": 19, "percent_covered": 100.0, "percent_covered_display": "100", "missing_lines": 0, "excluded_lines": 0}, "missing_lines": [], "excluded_lines": []}}}, "src\\core\\base_processor.py": {"executed_lines": [1, 18, 19, 20, 21, 24, 25, 31, 36, 40, 45, 50, 54, 58, 71], "summary": {"covered_lines": 13, "num_statements": 34, "percent_covered": 38.23529411764706, "percent_covered_display": "38", "missing_lines": 21, "excluded_lines": 0}, "missing_lines": [32, 33, 34, 38, 42, 43, 47, 48, 52, 56, 60, 61, 62, 63, 64, 65, 66, 67, 68, 69, 73], "excluded_lines": [], "functions": {"BaseProcessor.__init__": {"executed_lines": [], "summary": {"covered_lines": 0, "num_statements": 3, "percent_covered": 0.0, "percent_covered_display": "0", "missing_lines": 3, "excluded_lines": 0}, "missing_lines": [32, 33, 34], "excluded_lines": []}, "BaseProcessor.set_progress_callback": {"executed_lines": [], "summary": {"covered_lines": 0, "num_statements": 1, "percent_covered": 0.0, "percent_covered_display": "0", "missing_lines": 1, "excluded_lines": 0}, "missing_lines": [38], "excluded_lines": []}, "BaseProcessor.update_progress": {"executed_lines": [], "summary": {"covered_lines": 0, "num_statements": 2, "percent_covered": 0.0, "percent_covered_display": "0", "missing_lines": 2, "excluded_lines": 0}, "missing_lines": [42, 43], "excluded_lines": []}, "BaseProcessor.cancel_operation": {"executed_lines": [], "summary": {"covered_lines": 0, "num_statements": 2, "percent_covered": 0.0, "percent_covered_display": "0", "missing_lines": 2, "excluded_lines": 0}, "missing_lines": [47, 48], "excluded_lines": []}, "BaseProcessor.is_cancelled": {"executed_lines": [], "summary": {"covered_lines": 0, "num_statements": 1, "percent_covered": 0.0, "percent_covered_display": "0", "missing_lines": 1, "excluded_lines": 0}, "missing_lines": [52], "excluded_lines": []}, "BaseProcessor.reset_cancellation": {"executed_lines": [], "summary": {"covered_lines": 0, "num_statements": 1, "percent_covered": 0.0, "percent_covered_display": "0", "missing_lines": 1, "excluded_lines": 0}, "missing_lines": [56], "excluded_lines": []}, "BaseProcessor.safe_process": {"executed_lines": [], "summary": {"covered_lines": 0, "num_statements": 10, "percent_covered": 0.0, "percent_covered_display": "0", "missing_lines": 10, "excluded_lines": 0}, "missing_lines": [60, 61, 62, 63, 64, 65, 66, 67, 68, 69], "excluded_lines": []}, "BaseProcessor.create_result": {"executed_lines": [], "summary": {"covered_lines": 0, "num_statements": 1, "percent_covered": 0.0, "percent_covered_display": "0", "missing_lines": 1, "excluded_lines": 0}, "missing_lines": [73], "excluded_lines": []}, "": {"executed_lines": [1, 18, 19, 20, 21, 24, 25, 31, 36, 40, 45, 50, 54, 58, 71], "summary": {"covered_lines": 13, "num_statements": 13, "percent_covered": 100.0, "percent_covered_display": "100", "missing_lines": 0, "excluded_lines": 0}, "missing_lines": [], "excluded_lines": []}}, "classes": {"BaseProcessor": {"executed_lines": [], "summary": {"covered_lines": 0, "num_statements": 21, "percent_covered": 0.0, "percent_covered_display": "0", "missing_lines": 21, "excluded_lines": 0}, "missing_lines": [32, 33, 34, 38, 42, 43, 47, 48, 52, 56, 60, 61, 62, 63, 64, 65, 66, 67, 68, 69, 73], "excluded_lines": []}, "": {"executed_lines": [1, 18, 19, 20, 21, 24, 25, 31, 36, 40, 45, 50, 54, 58, 71], "summary": {"covered_lines": 13, "num_statements": 13, "percent_covered": 100.0, "percent_covered_display": "100", "missing_lines": 0, "excluded_lines": 0}, "missing_lines": [], "excluded_lines": []}}}, "src\\core\\business_logic.py": {"executed_lines": [], "summary": {"covered_lines": 0, "num_statements": 159, "percent_covered": 0.0, "percent_covered_display": "0", "missing_lines": 159, "excluded_lines": 0}, "missing_lines": [16, 17, 18, 19, 20, 21, 22, 24, 25, 26, 29, 32, 34, 35, 36, 37, 38, 40, 42, 43, 44, 45, 48, 49, 51, 52, 55, 56, 58, 59, 60, 62, 63, 65, 66, 68, 69, 72, 73, 76, 77, 78, 80, 82, 90, 91, 93, 94, 95, 97, 99, 101, 102, 104, 106, 107, 108, 111, 112, 114, 115, 116, 118, 120, 122, 124, 125, 126, 127, 138, 140, 143, 146, 147, 148, 149, 151, 153, 154, 155, 158, 159, 160, 161, 162, 163, 165, 167, 168, 170, 172, 173, 175, 177, 178, 179, 180, 182, 184, 185, 186, 188, 190, 191, 193, 195, 196, 199, 202, 203, 204, 205, 207, 210, 211, 213, 214, 215, 216, 219, 220, 222, 224, 225, 226, 228, 230, 231, 232, 233, 234, 236, 237, 239, 240, 246, 248, 250, 251, 253, 254, 257, 258, 261, 263, 264, 266, 268, 270, 278, 280, 282, 284, 286, 287, 288, 289, 291, 292], "excluded_lines": [], "functions": {"EmailWorkflow.__init__": {"executed_lines": [], "summary": {"covered_lines": 0, "num_statements": 5, "percent_covered": 0.0, "percent_covered_display": "0", "missing_lines": 5, "excluded_lines": 0}, "missing_lines": [34, 35, 36, 37, 38], "excluded_lines": []}, "EmailWorkflow.process_batch": {"executed_lines": [], "summary": {"covered_lines": 0, "num_statements": 2, "percent_covered": 0.0, "percent_covered_display": "0", "missing_lines": 2, "excluded_lines": 0}, "missing_lines": [42, 97], "excluded_lines": []}, "EmailWorkflow.process_batch._process": {"executed_lines": [], "summary": {"covered_lines": 0, "num_statements": 30, "percent_covered": 0.0, "percent_covered_display": "0", "missing_lines": 30, "excluded_lines": 0}, "missing_lines": [43, 44, 45, 48, 49, 51, 52, 55, 56, 58, 59, 60, 62, 63, 65, 66, 68, 69, 72, 73, 76, 77, 78, 80, 82, 90, 91, 93, 94, 95], "excluded_lines": []}, "EmailWorkflow._process_single_email": {"executed_lines": [], "summary": {"covered_lines": 0, "num_statements": 12, "percent_covered": 0.0, "percent_covered_display": "0", "missing_lines": 12, "excluded_lines": 0}, "missing_lines": [101, 102, 104, 106, 107, 108, 111, 112, 114, 115, 116, 118], "excluded_lines": []}, "EmailWorkflow._extract_tasks": {"executed_lines": [], "summary": {"covered_lines": 0, "num_statements": 7, "percent_covered": 0.0, "percent_covered_display": "0", "missing_lines": 7, "excluded_lines": 0}, "missing_lines": [122, 124, 125, 126, 127, 138, 140], "excluded_lines": []}, "UIStateManager.__init__": {"executed_lines": [], "summary": {"covered_lines": 0, "num_statements": 3, "percent_covered": 0.0, "percent_covered_display": "0", "missing_lines": 3, "excluded_lines": 0}, "missing_lines": [147, 148, 149], "excluded_lines": []}, "UIStateManager.set": {"executed_lines": [], "summary": {"covered_lines": 0, "num_statements": 9, "percent_covered": 0.0, "percent_covered_display": "0", "missing_lines": 9, "excluded_lines": 0}, "missing_lines": [153, 154, 155, 158, 159, 160, 161, 162, 163], "excluded_lines": []}, "UIStateManager.get": {"executed_lines": [], "summary": {"covered_lines": 0, "num_statements": 2, "percent_covered": 0.0, "percent_covered_display": "0", "missing_lines": 2, "excluded_lines": 0}, "missing_lines": [167, 168], "excluded_lines": []}, "UIStateManager.update": {"executed_lines": [], "summary": {"covered_lines": 0, "num_statements": 2, "percent_covered": 0.0, "percent_covered_display": "0", "missing_lines": 2, "excluded_lines": 0}, "missing_lines": [172, 173], "excluded_lines": []}, "UIStateManager.subscribe": {"executed_lines": [], "summary": {"covered_lines": 0, "num_statements": 4, "percent_covered": 0.0, "percent_covered_display": "0", "missing_lines": 4, "excluded_lines": 0}, "missing_lines": [177, 178, 179, 180], "excluded_lines": []}, "UIStateManager.unsubscribe": {"executed_lines": [], "summary": {"covered_lines": 0, "num_statements": 3, "percent_covered": 0.0, "percent_covered_display": "0", "missing_lines": 3, "excluded_lines": 0}, "missing_lines": [184, 185, 186], "excluded_lines": []}, "UIStateManager.get_all": {"executed_lines": [], "summary": {"covered_lines": 0, "num_statements": 2, "percent_covered": 0.0, "percent_covered_display": "0", "missing_lines": 2, "excluded_lines": 0}, "missing_lines": [190, 191], "excluded_lines": []}, "UIStateManager.clear": {"executed_lines": [], "summary": {"covered_lines": 0, "num_statements": 2, "percent_covered": 0.0, "percent_covered_display": "0", "missing_lines": 2, "excluded_lines": 0}, "missing_lines": [195, 196], "excluded_lines": []}, "ProcessingOrchestrator.__init__": {"executed_lines": [], "summary": {"covered_lines": 0, "num_statements": 3, "percent_covered": 0.0, "percent_covered_display": "0", "missing_lines": 3, "excluded_lines": 0}, "missing_lines": [203, 204, 205], "excluded_lines": []}, "ProcessingOrchestrator.start_operation": {"executed_lines": [], "summary": {"covered_lines": 0, "num_statements": 6, "percent_covered": 0.0, "percent_covered_display": "0", "missing_lines": 6, "excluded_lines": 0}, "missing_lines": [210, 211, 213, 239, 240, 246], "excluded_lines": []}, "ProcessingOrchestrator.start_operation.wrapped_operation": {"executed_lines": [], "summary": {"covered_lines": 0, "num_statements": 17, "percent_covered": 0.0, "percent_covered_display": "0", "missing_lines": 17, "excluded_lines": 0}, "missing_lines": [214, 215, 216, 219, 220, 222, 224, 225, 226, 228, 230, 231, 232, 233, 234, 236, 237], "excluded_lines": []}, "ProcessingOrchestrator.cancel_operation": {"executed_lines": [], "summary": {"covered_lines": 0, "num_statements": 10, "percent_covered": 0.0, "percent_covered_display": "0", "missing_lines": 10, "excluded_lines": 0}, "missing_lines": [250, 251, 253, 254, 257, 258, 261, 263, 264, 266], "excluded_lines": []}, "ProcessingOrchestrator.get_operation_status": {"executed_lines": [], "summary": {"covered_lines": 0, "num_statements": 1, "percent_covered": 0.0, "percent_covered_display": "0", "missing_lines": 1, "excluded_lines": 0}, "missing_lines": [270], "excluded_lines": []}, "ProcessingOrchestrator.get_active_operations": {"executed_lines": [], "summary": {"covered_lines": 0, "num_statements": 1, "percent_covered": 0.0, "percent_covered_display": "0", "missing_lines": 1, "excluded_lines": 0}, "missing_lines": [280], "excluded_lines": []}, "ProcessingOrchestrator.wait_for_operation": {"executed_lines": [], "summary": {"covered_lines": 0, "num_statements": 7, "percent_covered": 0.0, "percent_covered_display": "0", "missing_lines": 7, "excluded_lines": 0}, "missing_lines": [284, 286, 287, 288, 289, 291, 292], "excluded_lines": []}, "": {"executed_lines": [], "summary": {"covered_lines": 0, "num_statements": 31, "percent_covered": 0.0, "percent_covered_display": "0", "missing_lines": 31, "excluded_lines": 0}, "missing_lines": [16, 17, 18, 19, 20, 21, 22, 24, 25, 26, 29, 32, 40, 99, 120, 143, 146, 151, 165, 170, 175, 182, 188, 193, 199, 202, 207, 248, 268, 278, 282], "excluded_lines": []}}, "classes": {"EmailWorkflow": {"executed_lines": [], "summary": {"covered_lines": 0, "num_statements": 56, "percent_covered": 0.0, "percent_covered_display": "0", "missing_lines": 56, "excluded_lines": 0}, "missing_lines": [34, 35, 36, 37, 38, 42, 43, 44, 45, 48, 49, 51, 52, 55, 56, 58, 59, 60, 62, 63, 65, 66, 68, 69, 72, 73, 76, 77, 78, 80, 82, 90, 91, 93, 94, 95, 97, 101, 102, 104, 106, 107, 108, 111, 112, 114, 115, 116, 118, 122, 124, 125, 126, 127, 138, 140], "excluded_lines": []}, "UIStateManager": {"executed_lines": [], "summary": {"covered_lines": 0, "num_statements": 27, "percent_covered": 0.0, "percent_covered_display": "0", "missing_lines": 27, "excluded_lines": 0}, "missing_lines": [147, 148, 149, 153, 154, 155, 158, 159, 160, 161, 162, 163, 167, 168, 172, 173, 177, 178, 179, 180, 184, 185, 186, 190, 191, 195, 196], "excluded_lines": []}, "ProcessingOrchestrator": {"executed_lines": [], "summary": {"covered_lines": 0, "num_statements": 45, "percent_covered": 0.0, "percent_covered_display": "0", "missing_lines": 45, "excluded_lines": 0}, "missing_lines": [203, 204, 205, 210, 211, 213, 214, 215, 216, 219, 220, 222, 224, 225, 226, 228, 230, 231, 232, 233, 234, 236, 237, 239, 240, 246, 250, 251, 253, 254, 257, 258, 261, 263, 264, 266, 270, 280, 284, 286, 287, 288, 289, 291, 292], "excluded_lines": []}, "": {"executed_lines": [], "summary": {"covered_lines": 0, "num_statements": 31, "percent_covered": 0.0, "percent_covered_display": "0", "missing_lines": 31, "excluded_lines": 0}, "missing_lines": [16, 17, 18, 19, 20, 21, 22, 24, 25, 26, 29, 32, 40, 99, 120, 143, 146, 151, 165, 170, 175, 182, 188, 193, 199, 202, 207, 248, 268, 278, 282], "excluded_lines": []}}}, "src\\core\\config.py": {"executed_lines": [], "summary": {"covered_lines": 0, "num_statements": 68, "percent_covered": 0.0, "percent_covered_display": "0", "missing_lines": 68, "excluded_lines": 0}, "missing_lines": [19, 20, 21, 22, 23, 26, 29, 31, 34, 35, 38, 39, 41, 43, 79, 81, 82, 83, 84, 85, 86, 88, 90, 91, 92, 94, 96, 98, 99, 101, 103, 104, 106, 107, 108, 110, 112, 114, 116, 117, 119, 120, 121, 122, 124, 126, 128, 130, 132, 133, 135, 137, 138, 141, 143, 146, 147, 148, 150, 151, 154, 155, 156, 157, 158, 159, 161, 165], "excluded_lines": [], "functions": {"ConfigManager.__init__": {"executed_lines": [], "summary": {"covered_lines": 0, "num_statements": 5, "percent_covered": 0.0, "percent_covered_display": "0", "missing_lines": 5, "excluded_lines": 0}, "missing_lines": [31, 34, 35, 38, 39], "excluded_lines": []}, "ConfigManager._load_defaults": {"executed_lines": [], "summary": {"covered_lines": 0, "num_statements": 1, "percent_covered": 0.0, "percent_covered_display": "0", "missing_lines": 1, "excluded_lines": 0}, "missing_lines": [43], "excluded_lines": []}, "ConfigManager._load_from_file": {"executed_lines": [], "summary": {"covered_lines": 0, "num_statements": 6, "percent_covered": 0.0, "percent_covered_display": "0", "missing_lines": 6, "excluded_lines": 0}, "missing_lines": [81, 82, 83, 84, 85, 86], "excluded_lines": []}, "ConfigManager._merge_config": {"executed_lines": [], "summary": {"covered_lines": 0, "num_statements": 4, "percent_covered": 0.0, "percent_covered_display": "0", "missing_lines": 4, "excluded_lines": 0}, "missing_lines": [90, 91, 92, 94], "excluded_lines": []}, "ConfigManager._get_runtime_data_dir": {"executed_lines": [], "summary": {"covered_lines": 0, "num_statements": 2, "percent_covered": 0.0, "percent_covered_display": "0", "missing_lines": 2, "excluded_lines": 0}, "missing_lines": [98, 99], "excluded_lines": []}, "ConfigManager.get": {"executed_lines": [], "summary": {"covered_lines": 0, "num_statements": 7, "percent_covered": 0.0, "percent_covered_display": "0", "missing_lines": 7, "excluded_lines": 0}, "missing_lines": [103, 104, 106, 107, 108, 110, 112], "excluded_lines": []}, "ConfigManager.set": {"executed_lines": [], "summary": {"covered_lines": 0, "num_statements": 7, "percent_covered": 0.0, "percent_covered_display": "0", "missing_lines": 7, "excluded_lines": 0}, "missing_lines": [116, 117, 119, 120, 121, 122, 124], "excluded_lines": []}, "ConfigManager.get_azure_config": {"executed_lines": [], "summary": {"covered_lines": 0, "num_statements": 1, "percent_covered": 0.0, "percent_covered_display": "0", "missing_lines": 1, "excluded_lines": 0}, "missing_lines": [128], "excluded_lines": []}, "ConfigManager.get_storage_path": {"executed_lines": [], "summary": {"covered_lines": 0, "num_statements": 2, "percent_covered": 0.0, "percent_covered_display": "0", "missing_lines": 2, "excluded_lines": 0}, "missing_lines": [132, 133], "excluded_lines": []}, "ConfigManager.is_configured": {"executed_lines": [], "summary": {"covered_lines": 0, "num_statements": 2, "percent_covered": 0.0, "percent_covered_display": "0", "missing_lines": 2, "excluded_lines": 0}, "missing_lines": [137, 138], "excluded_lines": []}, "ConfigManager.validate": {"executed_lines": [], "summary": {"covered_lines": 0, "num_statements": 13, "percent_covered": 0.0, "percent_covered_display": "0", "missing_lines": 13, "excluded_lines": 0}, "missing_lines": [143, 146, 147, 148, 150, 151, 154, 155, 156, 157, 158, 159, 161], "excluded_lines": []}, "": {"executed_lines": [], "summary": {"covered_lines": 0, "num_statements": 18, "percent_covered": 0.0, "percent_covered_display": "0", "missing_lines": 18, "excluded_lines": 0}, "missing_lines": [19, 20, 21, 22, 23, 26, 29, 41, 79, 88, 96, 101, 114, 126, 130, 135, 141, 165], "excluded_lines": []}}, "classes": {"ConfigManager": {"executed_l
[...]
, 207, 208, 212, 213, 214, 216, 217, 218, 222, 223, 225, 230, 231, 232, 234, 235, 238, 239, 242, 243, 258, 260, 261, 262, 267, 268, 269, 270, 272, 277, 279, 280, 281, 292, 293, 295, 296, 298, 301, 302, 303, 304, 306, 307, 308, 310, 311, 314, 315, 318, 323, 325, 329, 330, 332, 333, 334, 336, 337, 339, 343, 346, 358, 360, 363, 364, 366, 367, 369, 370, 373, 374, 375, 377, 382, 385, 387, 391, 392, 394, 395, 396, 403, 404, 406, 407, 410, 411, 413, 414, 415, 416, 417, 418, 427, 439, 440, 442, 443, 444, 445, 446, 447, 453, 454, 455, 459, 460, 461, 464, 465, 469, 471, 472, 475, 477, 478, 479, 480, 481, 482, 484, 486, 487, 490, 491, 494, 495, 498, 500, 504, 508, 509, 510, 518, 522, 531, 532, 538, 539, 541, 542, 545, 546, 551, 553, 557, 558, 560, 561, 564, 565, 570, 572, 595, 596, 597, 599, 600, 601, 604, 605, 610, 612, 616, 617, 618, 635, 636, 638, 640, 641, 644, 645, 648, 649, 651, 652, 653, 654, 655, 656, 657, 658, 660, 665, 683, 684, 686, 687, 690, 692, 693, 711, 712, 713, 721, 722, 724, 725, 726, 728, 729, 730, 731, 732, 735, 737, 738, 745, 747, 758, 759, 761, 774, 775, 776, 777, 778, 779, 782, 783, 784, 791, 795, 796, 797, 799, 801, 802, 805, 806, 809, 810, 813, 814, 815, 817], "summary": {"covered_lines": 282, "num_statements": 351, "percent_covered": 80.34188034188034, "percent_covered_display": "80", "missing_lines": 69, "excluded_lines": 0}, "missing_lines": [112, 158, 160, 161, 162, 164, 170, 171, 172, 209, 219, 220, 226, 227, 236, 237, 244, 246, 247, 248, 249, 250, 252, 253, 254, 255, 259, 264, 271, 378, 380, 397, 398, 399, 419, 424, 425, 448, 449, 451, 473, 519, 534, 576, 577, 579, 580, 583, 584, 589, 591, 619, 620, 661, 662, 695, 696, 697, 714, 740, 741, 742, 763, 764, 765, 785, 786, 787, 792], "excluded_lines": []}, "": {"executed_lines": [2, 28, 29, 30, 31, 32, 35, 36, 62, 82, 147, 174, 290, 327, 341, 389, 401, 437, 457, 467, 502, 506, 516, 536, 555, 574, 593, 614, 622, 699, 772, 789], "summary": {"covered_lines": 30, "num_statements": 30, "percent_covered": 100.0, "percent_covered_display": "100", "missing_lines": 0, "excluded_lines": 0}, "missing_lines": [], "excluded_lines": []}}}, "src\\utils\\__init__.py": {"executed_lines": [1, 5, 6, 7, 8, 9, 11], "summary": {"covered_lines": 6, "num_statements": 6, "percent_covered": 100.0, "percent_covered_display": "100", "missing_lines": 0, "excluded_lines": 0}, "missing_lines": [], "excluded_lines": [], "functions": {"": {"executed_lines": [1, 5, 6, 7, 8, 9, 11], "summary": {"covered_lines": 6, "num_statements": 6, "percent_covered": 100.0, "percent_covered_display": "100", "missing_lines": 0, "excluded_lines": 0}, "missing_lines": [], "excluded_lines": []}}, "classes": {"": {"executed_lines": [1, 5, 6, 7, 8, 9, 11], "summary": {"covered_lines": 6, "num_statements": 6, "percent_covered": 100.0, "percent_covered_display": "100", "missing_lines": 0, "excluded_lines": 0}, "missing_lines": [], "excluded_lines": []}}}, "src\\utils\\data_utils.py": {"executed_lines": [1, 3, 4, 5, 8, 10, 11, 12, 13, 15, 16, 19, 21, 22, 23, 25, 26, 27, 28, 29, 30, 31, 34, 36, 37, 38], "summary": {"covered_lines": 25, "num_statements": 25, "percent_covered": 100.0, "percent_covered_display": "100", "missing_lines": 0, "excluded_lines": 0}, "missing_lines": [], "excluded_lines": [], "functions": {"save_to_csv": {"executed_lines": [10, 11, 12, 13, 15, 16], "summary": {"covered_lines": 6, "num_statements": 6, "percent_covered": 100.0, "percent_covered_display": "100", "missing_lines": 0, "excluded_lines": 0}, "missing_lines": [], "excluded_lines": []}, "normalize_data_for_storage": {"executed_lines": [21, 22, 23, 25, 26, 27, 28, 29, 30, 31], "summary": {"covered_lines": 10, "num_statements": 10, "percent_covered": 100.0, "percent_covered_display": "100", "missing_lines": 0, "excluded_lines": 0}, "missing_lines": [], "excluded_lines": []}, "load_csv_or_empty": {"executed_lines": [36, 37, 38], "summary": {"covered_lines": 3, "num_statements": 3, "percent_covered": 100.0, "percent_covered_display": "100", "missing_lines": 0, "excluded_lines": 0}, "missing_lines": [], "excluded_lines": []}, "": {"executed_lines": [1, 3, 4, 5, 8, 19, 34], "summary": {"covered_lines": 6, "num_statements": 6, "percent_covered": 100.0, "percent_covered_display": "100", "missing_lines": 0, "excluded_lines": 0}, "missing_lines": [], "excluded_lines": []}}, "classes": {"": {"executed_lines": [1, 3, 4, 5, 8, 10, 11, 12, 13, 15, 16, 19, 21, 22, 23, 25, 26, 27, 28, 29, 30, 31, 34, 36, 37, 38], "summary": {"covered_lines": 25, "num_statements": 25, "percent_covered": 100.0, "percent_covered_display": "100", "missing_lines": 0, "excluded_lines": 0}, "missing_lines": [], "excluded_lines": []}}}, "src\\utils\\date_utils.py": {"executed_lines": [1, 26, 29, 31, 32, 33, 36, 38, 39, 40, 43, 45, 46, 49, 59, 60, 61, 62, 63, 66, 69, 71, 74, 76], "summary": {"covered_lines": 23, "num_statements": 23, "percent_covered": 100.0, "percent_covered_display": "100", "missing_lines": 0, "excluded_lines": 0}, "missing_lines": [], "excluded_lines": [], "functions": {"format_datetime_for_storage": {"executed_lines": [31, 32, 33], "summary": {"covered_lines": 3, "num_statements": 3, "percent_covered": 100.0, "percent_covered_display": "100", "missing_lines": 0, "excluded_lines": 0}, "missing_lines": [], "excluded_lines": []}, "format_date_for_display": {"executed_lines": [38, 39, 40], "summary": {"covered_lines": 3, "num_statements": 3, "percent_covered": 100.0, "percent_covered_display": "100", "missing_lines": 0, "excluded_lines": 0}, "missing_lines": [], "excluded_lines": []}, "parse_date_string": {"executed_lines": [45, 46, 49, 59, 60, 61, 62, 63, 66], "summary": {"covered_lines": 9, "num_statements": 9, "percent_covered": 100.0, "percent_covered_display": "100", "missing_lines": 0, "excluded_lines": 0}, "missing_lines": [], "excluded_lines": []}, "get_timestamp": {"executed_lines": [71], "summary": {"covered_lines": 1, "num_statements": 1, "percent_covered": 100.0, "percent_covered_display": "100", "missing_lines": 0, "excluded_lines": 0}, "missing_lines": [], "excluded_lines": []}, "get_run_id": {"executed_lines": [76], "summary": {"covered_lines": 1, "num_statements": 1, "percent_covered": 100.0, "percent_covered_display": "100", "missing_lines": 0, "excluded_lines": 0}, "missing_lines": [], "excluded_lines": []}, "": {"executed_lines": [1, 26, 29, 36, 43, 69, 74], "summary": {"covered_lines": 6, "num_statements": 6, "percent_covered": 100.0, "percent_covered_display": "100", "missing_lines": 0, "excluded_lines": 0}, "missing_lines": [], "excluded_lines": []}}, "classes": {"": {"executed_lines": [1, 26, 29, 31, 32, 33, 36, 38, 39, 40, 43, 45, 46, 49, 59, 60, 61, 62, 63, 66, 69, 71, 74, 76], "summary": {"covered_lines": 23, "num_statements": 23, "percent_covered": 100.0, "percent_covered_display": "100", "missing_lines": 0, "excluded_lines": 0}, "missing_lines": [], "excluded_lines": []}}}, "src\\utils\\error_utils.py": {"executed_lines": [1, 8, 9, 10, 11, 12, 13, 15, 25, 28, 29, 32, 48, 49, 52, 61, 65, 68, 69, 71, 79, 80, 81, 82, 83, 84, 85, 87, 88, 89, 91, 94, 97, 98, 99, 100, 101, 104, 113, 132, 133, 134, 135, 137, 138, 140, 141, 144, 164, 165, 167, 168, 169, 170, 171, 172, 173, 177, 179, 180, 182, 183, 185, 186, 189, 190, 207, 208, 209, 210, 211, 212, 213, 216, 235, 237, 238, 239, 240, 241, 243, 244, 245, 246, 247, 249, 250, 254, 256, 257, 259, 260, 262, 263, 266, 267, 271, 272, 275, 280, 285, 305, 330, 371, 412, 413, 430, 431, 432, 433, 435, 441, 446, 448, 450, 452, 454, 456, 458, 471, 473, 474, 477, 503, 505, 506, 508, 509, 510, 511, 514, 515, 516, 517, 518, 519, 522, 523, 524, 527, 529], "summary": {"covered_lines": 139, "num_statements": 172, "percent_covered": 80.81395348837209, "percent_covered_display": "81", "missing_lines": 33, "excluded_lines": 0}, "missing_lines": [62, 86, 90, 92, 174, 175, 269, 277, 282, 295, 314, 315, 317, 318, 325, 327, 345, 351, 352, 353, 355, 356, 359, 360, 362, 363, 368, 387, 388, 391, 400, 401, 404], "excluded_lines": [], "functions": {"standardized_error_handler": {"executed_lines": [48, 49, 52, 61, 65, 68, 69, 71, 79, 80, 81, 82, 83, 84, 85, 87, 88, 89, 91, 94, 97, 98, 99, 100, 101, 104], "summary": {"covered_lines": 26, "num_statements": 30, "percent_covered": 86.66666666666667, "percent_covered_display": "87", "missing_lines": 4, "excluded_lines": 0}, "missing_lines": [62, 86, 90, 92], "excluded_lines": []}, "safe_execute": {"executed_lines": [132, 133, 134, 135, 137, 138, 140, 141], "summary": {"covered_lines": 8, "num_statements": 8, "percent_covered": 100.0, "percent_covered_display": "100", "missing_lines": 0, "excluded_lines": 0}, "missing_lines": [], "excluded_lines": []}, "with_error_handling": {"executed_lines": [164, 186], "summary": {"covered_lines": 2, "num_statements": 2, "percent_covered": 100.0, "percent_covered_display": "100", "missing_lines": 0, "excluded_lines": 0}, "missing_lines": [], "excluded_lines": []}, "with_error_handling.decorator": {"executed_lines": [165, 167, 168, 185], "summary": {"covered_lines": 4, "num_statements": 4, "percent_covered": 100.0, "percent_covered_display": "100", "missing_lines": 0, "excluded_lines": 0}, "missing_lines": [], "excluded_lines": []}, "with_error_handling.decorator.wrapper": {"executed_lines": [169, 170, 171, 172, 173, 177, 179, 180, 182, 183], "summary": {"covered_lines": 10, "num_statements": 12, "percent_covered": 83.33333333333333, "percent_covered_display": "83", "missing_lines": 2, "excluded_lines": 0}, "missing_lines": [174, 175], "excluded_lines": []}, "error_boundary": {"executed_lines": [207, 208, 209, 210, 211, 212, 213], "summary": {"covered_lines": 7, "num_statements": 7, "percent_covered": 100.0, "percent_covered_display": "100", "missing_lines": 0, "excluded_lines": 0}, "missing_lines": [], "excluded_lines": []}, "retry_on_error": {"executed_lines": [235, 237, 238, 272], "summary": {"covered_lines": 4, "num_statements": 4, "percent_covered": 100.0, "percent_covered_display": "100", "missing_lines": 0, "excluded_lines": 0}, "missing_lines": [], "excluded_lines": []}, "retry_on_error.decorator": {"executed_lines": [239, 271], "summary": {"covered_lines": 2, "num_statements": 2, "percent_covered": 100.0, "percent_covered_display": "100", "missing_lines": 0, "excluded_lines": 0}, "missing_lines": [], "excluded_lines": []}, "retry_on_error.decorator.wrapper": {"executed_lines": [240, 241, 243, 244, 245, 246, 247, 249, 250, 254, 256, 257, 259, 260, 262, 263, 266, 267], "summary": {"covered_lines": 18, "num_statements": 19, "percent_covered": 94.73684210526316, "percent_covered_display": "95", "missing_lines": 1, "excluded_lines": 0}, "missing_lines": [269], "excluded_lines": []}, "log_operation_start": {"executed_lines": [], "summary": {"covered_lines": 0, "num_statements": 1, "percent_covered": 0.0, "percent_covered_display": "0", "missing_lines": 1, "excluded_lines": 0}, "missing_lines": [277], "excluded_lines": []}, "log_operation_success": {"executed_lines": [], "summary": {"covered_lines": 0, "num_statements": 1, "percent_covered": 0.0, "percent_covered_display": "0", "missing_lines": 1, "excluded_lines": 0}, "missing_lines": [282], "excluded_lines": []}, "create_error_report": {"executed_lines": [], "summary": {"covered_lines": 0, "num_statements": 1, "percent_covered": 0.0, "percent_covered_display": "0", "missing_lines": 1, "excluded_lines": 0}, "missing_lines": [295], "excluded_lines": []}, "handle_exception_chain": {"executed_lines": [], "summary": {"covered_lines": 0, "num_statements": 6, "percent_covered": 0.0, "percent_covered_display": "0", "missing_lines": 6, "excluded_lines": 0}, "missing_lines": [314, 315, 317, 318, 325, 327], "excluded_lines": []}, "format_error_for_api": {"executed_lines": [], "summary": {"covered_lines": 0, "num_statements": 11, "percent_covered": 0.0, "percent_covered_display": "0", "missing_lines": 11, "excluded_lines": 0}, "missing_lines": [345, 351, 352, 353, 355, 356, 359, 360, 362, 363, 368], "excluded_lines": []}, "log_error_with_context": {"executed_lines": [], "summary": {"covered_lines": 0, "num_statements": 6, "percent_covered": 0.0, "percent_covered_display": "0", "missing_lines": 6, "excluded_lines": 0}, "missing_lines": [387, 388, 391, 400, 401, 404], "excluded_lines": []}, "ErrorAggregator.__init__": {"executed_lines": [431, 432, 433], "summary": {"covered_lines": 3, "num_statements": 3, "percent_covered": 100.0, "percent_covered_display": "100", "missing_lines": 0, "excluded_lines": 0}, "missing_lines": [], "excluded_lines": []}, "ErrorAggregator.add_error": {"executed_lines": [441, 446], "summary": {"covered_lines": 2, "num_statements": 2, "percent_covered": 100.0, "percent_covered_display": "100", "missing_lines": 0, "excluded_lines": 0}, "missing_lines": [], "excluded_lines": []}, "ErrorAggregator.has_errors": {"executed_lines": [450], "summary": {"covered_lines": 1, "num_statements": 1, "percent_covered": 100.0, "percent_covered_display": "100", "missing_lines": 0, "excluded_lines": 0}, "missing_lines": [], "excluded_lines": []}, "ErrorAggregator.error_count": {"executed_lines": [454], "summary": {"covered_lines": 1, "num_statements": 1, "percent_covered": 100.0, "percent_covered_display": "100", "missing_lines": 0, "excluded_lines": 0}, "missing_lines": [], "excluded_lines": []}, "ErrorAggregator.get_report": {"executed_lines": [458], "summary": {"covered_lines": 1, "num_statements": 1, "percent_covered": 100.0, "percent_covered_display": "100", "missing_lines": 0, "excluded_lines": 0}, "missing_lines": [], "excluded_lines": []}, "ErrorAggregator.clear": {"executed_lines": [473, 474], "summary": {"covered_lines": 2, "num_statements": 2, "percent_covered": 100.0, "percent_covered_display": "100", "missing_lines": 0, "excluded_lines": 0}, "missing_lines": [], "excluded_lines": []}, "graceful_degradation": {"executed_lines": [503, 505, 506, 529], "summary": {"covered_lines": 4, "num_statements": 4, "percent_covered": 100.0, "percent_covered_display": "100", "missing_lines": 0, "excluded_lines": 0}, "missing_lines": [], "excluded_lines": []}, "graceful_degradation.wrapper": {"executed_lines": [508, 509, 510, 511, 514, 515, 516, 517, 518, 519, 522, 523, 524, 527], "summary": {"covered_lines": 14, "num_statements": 14, "percent_covered": 100.0, "percent_covered_display": "100", "missing_lines": 0, "excluded_lines": 0}, "missing_lines": [], "excluded_lines": []}, "": {"executed_lines": [1, 8, 9, 10, 11, 12, 13, 15, 25, 28, 29, 32, 113, 144, 189, 190, 216, 275, 280, 285, 305, 330, 371, 412, 413, 430, 435, 448, 452, 456, 471, 477], "summary": {"covered_lines": 30, "num_statements": 30, "percent_covered": 100.0, "percent_covered_display": "100", "missing_lines": 0, "excluded_lines": 0}, "missing_lines": [], "excluded_lines": []}}, "classes": {"ErrorAggregator": {"executed_lines": [431, 432, 433, 441, 446, 450, 454, 458, 473, 474], "summary": {"covered_lines": 10, "num_statements": 10, "percent_covered": 100.0, "percent_covered_display": "100", "missing_lines": 0, "excluded_lines": 0}, "missing_lines": [], "excluded_lines": []}, "": {"executed_lines": [1, 8, 9, 10, 11, 12, 13, 15, 25, 28, 29, 32, 48, 49, 52, 61, 65, 68, 69, 71, 79, 80, 81, 82, 83, 84, 85, 87, 88, 89, 91, 94, 97, 98, 99, 100, 101, 104, 113, 132, 133, 134, 135, 137, 138, 140, 141, 144, 164, 165, 167, 168, 169, 170, 171, 172, 173, 177, 179, 180, 182, 183, 185, 186, 189, 190, 207, 208, 209, 210, 211, 212, 213, 216, 235, 237, 238, 239, 240, 241, 243, 244, 245, 246, 247, 249, 250, 254, 256, 257, 259, 260, 262, 263, 266, 267, 271, 272, 275, 280, 285, 305, 330, 371, 412, 413, 430, 435, 448, 452, 456, 471, 477, 503, 505, 506, 508, 509, 510, 511, 514, 515, 516, 517, 518, 519, 522, 523, 524, 527, 529], "summary": {"covered_lines": 129, "num_statements": 162, "percent_covered": 79.62962962962963, "percent_covered_display": "80", "missing_lines": 33, "excluded_lines": 0}, "missing_lines": [62, 86, 90, 92, 174, 175, 269, 277, 282, 295, 314, 315, 317, 318, 325, 327, 345, 351, 352, 353, 355, 356, 359, 360, 362, 363, 368, 387, 388, 391, 400, 401, 404], "excluded_lines": []}}}, "src\\utils\\json_utils.py": {"executed_lines": [1, 22, 23, 26, 28, 31, 34, 37, 38, 39, 42, 43, 45, 47, 49, 51, 54, 56, 58, 60, 63, 64, 65, 66, 68, 71, 73, 75, 76, 77, 79, 80, 81, 82, 83, 84, 87], "summary": {"covered_lines": 36, "num_statements": 37, "percent_covered": 97.29729729729729, "percent_covered_display": "97", "missing_lines": 1, "excluded_lines": 0}, "missing_lines": [53], "excluded_lines": [], "functions": {"clean_json_response": {"executed_lines": [28], "summary": {"covered_lines": 1, "num_statements": 1, "percent_covered": 100.0, "percent_covered_display": "100", "missing_lines": 0, "excluded_lines": 0}, "missing_lines": [], "excluded_lines": []}, "repair_json_response": {"executed_lines": [34, 37, 38, 39, 42, 43, 45, 47, 49, 51, 54, 56, 58, 60, 63, 64, 65, 66, 68], "summary": {"covered_lines": 19, "num_statements": 20, "percent_covered": 95.0, "percent_covered_display": "95", "missing_lines": 1, "excluded_lines": 0}, "missing_lines": [53], "excluded_lines": []}, "parse_json_with_fallback": {"executed_lines": [73, 75, 76, 77, 79, 80, 81, 82, 83, 84, 87], "summary": {"covered_lines": 11, "num_statements": 11, "percent_covered": 100.0, "percent_covered_display": "100", "missing_lines": 0, "excluded_lines": 0}, "missing_lines": [], "excluded_lines": []}, "": {"executed_lines": [1, 22, 23, 26, 31, 71], "summary": {"covered_lines": 5, "num_statements": 5, "percent_covered": 100.0, "percent_covered_display": "100", "missing_lines": 0, "excluded_lines": 0}, "missing_lines": [], "excluded_lines": []}}, "classes": {"": {"executed_lines": [1, 22, 23, 26, 28, 31, 34, 37, 38, 39, 42, 43, 45, 47, 49, 51, 54, 56, 58, 60, 63, 64, 65, 66, 68, 71, 73, 75, 76, 77, 79, 80, 81, 82, 83, 84, 87], "summary": {"covered_lines": 36, "num_statements": 37, "percent_covered": 97.29729729729729, "percent_covered_display": "97", "missing_lines": 1, "excluded_lines": 0}, "missing_lines": [53], "excluded_lines": []}}}, "src\\utils\\text_utils.py": {"executed_lines": [1, 24, 27, 29, 32, 34, 37, 39, 42, 44], "summary": {"covered_lines": 9, "num_statements": 9, "percent_covered": 100.0, "percent_covered_display": "100", "missing_lines": 0, "excluded_lines": 0}, "missing_lines": [], "excluded_lines": [], "functions": {"clean_markdown_formatting": {"executed_lines": [29], "summary": {"covered_lines": 1, "num_statements": 1, "percent_covered": 100.0, "percent_covered_display": "100", "missing_lines": 0, "excluded_lines": 0}, "missing_lines": [], "excluded_lines": []}, "clean_ai_response": {"executed_lines": [34], "summary": {"covered_lines": 1, "num_statements": 1, "percent_covered": 100.0, "percent_covered_display": "100", "missing_lines": 0, "excluded_lines": 0}, "missing_lines": [], "excluded_lines": []}, "truncate_with_ellipsis": {"executed_lines": [39], "summary": {"covered_lines": 1, "num_statements": 1, "percent_covered": 100.0, "percent_covered_display": "100", "missing_lines": 0, "excluded_lines": 0}, "missing_lines": [], "excluded_lines": []}, "add_bullet_if_needed": {"executed_lines": [44], "summary": {"covered_lines": 1, "num_statements": 1, "percent_covered": 100.0, "percent_covered_display": "100", "missing_lines": 0, "excluded_lines": 0}, "missing_lines": [], "excluded_lines": []}, "": {"executed_lines": [1, 24, 27, 32, 37, 42], "summary": {"covered_lines": 5, "num_statements": 5, "percent_covered": 100.0, "percent_covered_display": "100", "missing_lines": 0, "excluded_lines": 0}, "missing_lines": [], "excluded_lines": []}}, "classes": {"": {"executed_lines": [1, 24, 27, 29, 32, 34, 37, 39, 42, 44], "summary": {"covered_lines": 9, "num_statements": 9, "percent_covered": 100.0, "percent_covered_display": "100", "missing_lines": 0, "excluded_lines": 0}, "missing_lines": [], "excluded_lines": []}}}}, "totals": {"covered_lines": 1382, "num_statements": 2995, "percent_covered": 46.143572621035055, "percent_covered_display": "46", "missing_lines": 1613, "excluded_lines": 0}}